[2023-05-17 17:49:03][150] Processing: App\Mail\EmailNewUser
[2023-05-17 17:49:04][151] Processing: App\Mail\EmailNewUser
[2023-05-17 17:49:06][151] Processed:  App\Mail\EmailNewUser
[2023-05-17 17:49:06][150] Processed:  App\Mail\EmailNewUser
[2023-05-17 20:15:49][152] Processing: App\Jobs\EmailInvitationJob
[2023-05-17 20:15:49][152] Processed:  App\Jobs\EmailInvitationJob
[2023-05-17 20:15:49][153] Processing: App\Mail\EmailTeamInvitation
[2023-05-17 20:15:50][153] Processed:  App\Mail\EmailTeamInvitation
[2023-05-19 08:16:18][154] Processing: App\Jobs\EmailInvitationJob
[2023-05-19 08:16:18][154] Processed:  App\Jobs\EmailInvitationJob
[2023-05-19 08:16:18][155] Processing: App\Mail\EmailTeamInvitation
[2023-05-19 08:16:20][155] Processed:  App\Mail\EmailTeamInvitation
[2023-05-19 08:16:27][156] Processing: App\Jobs\EmailInvitationJob
[2023-05-19 08:16:27][156] Processed:  App\Jobs\EmailInvitationJob
[2023-05-19 08:16:27][157] Processing: App\Mail\EmailTeamInvitation
[2023-05-19 08:16:28][157] Processed:  App\Mail\EmailTeamInvitation
[2023-05-25 14:34:02][158] Processing: App\Jobs\EmailInvitationJob
[2023-05-25 14:34:02][158] Processed:  App\Jobs\EmailInvitationJob
[2023-05-25 14:34:02][159] Processing: App\Mail\EmailTeamInvitation
[2023-05-25 14:34:04][159] Processed:  App\Mail\EmailTeamInvitation
[2023-05-25 14:38:29][160] Processing: App\Jobs\EmailInvitationJob
[2023-05-25 14:38:29][160] Processed:  App\Jobs\EmailInvitationJob
[2023-05-25 14:38:29][161] Processing: App\Mail\EmailTeamInvitation
[2023-05-25 14:38:30][161] Processed:  App\Mail\EmailTeamInvitation
[2023-05-25 14:46:24][162] Processing: App\Jobs\EmailInvitationJob
[2023-05-25 14:46:24][162] Processed:  App\Jobs\EmailInvitationJob
[2023-05-25 14:46:24][163] Processing: App\Jobs\EmailInvitationJob
[2023-05-25 14:46:24][163] Processed:  App\Jobs\EmailInvitationJob
[2023-05-25 14:46:24][164] Processing: App\Jobs\EmailInvitationJob
[2023-05-25 14:46:24][164] Processed:  App\Jobs\EmailInvitationJob
[2023-05-25 14:46:24][165] Processing: App\Jobs\EmailInvitationJob
[2023-05-25 14:46:24][165] Processed:  App\Jobs\EmailInvitationJob
[2023-05-25 14:46:24][166] Processing: App\Jobs\EmailInvitationJob
[2023-05-25 14:46:25][166] Processed:  App\Jobs\EmailInvitationJob
[2023-05-25 14:46:25][167] Processing: App\Jobs\EmailInvitationJob
[2023-05-25 14:46:25][167] Processed:  App\Jobs\EmailInvitationJob
[2023-05-25 14:46:25][168] Processing: App\Jobs\EmailInvitationJob
[2023-05-25 14:46:25][168] Processed:  App\Jobs\EmailInvitationJob
[2023-05-25 14:46:25][169] Processing: App\Jobs\EmailInvitationJob
[2023-05-25 14:46:25][169] Processed:  App\Jobs\EmailInvitationJob
[2023-05-25 14:46:25][170] Processing: App\Jobs\EmailInvitationJob
[2023-05-25 14:46:25][170] Processed:  App\Jobs\EmailInvitationJob
[2023-05-25 14:46:25][171] Processing: App\Jobs\EmailInvitationJob
[2023-05-25 14:46:25][171] Processed:  App\Jobs\EmailInvitationJob
[2023-05-25 14:46:25][172] Processing: App\Jobs\EmailInvitationJob
[2023-05-25 14:46:25][173] Processing: App\Jobs\EmailInvitationJob
[2023-05-25 14:46:25][176] Processing: App\Jobs\EmailInvitationJob
[2023-05-25 14:46:25][177] Processing: App\Jobs\EmailInvitationJob
[2023-05-25 14:46:25][175] Processing: App\Jobs\EmailInvitationJob
[2023-05-25 14:46:25][178] Processing: App\Jobs\EmailInvitationJob
[2023-05-25 14:46:25][174] Processing: App\Jobs\EmailInvitationJob
[2023-05-25 14:46:25][172] Processed:  App\Jobs\EmailInvitationJob
[2023-05-25 14:46:25][179] Processing: App\Jobs\EmailInvitationJob
[2023-05-25 14:46:25][180] Processing: App\Jobs\EmailInvitationJob
[2023-05-25 14:46:26][173] Processed:  App\Jobs\EmailInvitationJob
[2023-05-25 14:46:26][181] Processing: App\Jobs\EmailInvitationJob
[2023-05-25 14:46:26][179] Processed:  App\Jobs\EmailInvitationJob
[2023-05-25 14:46:26][182] Processing: App\Jobs\EmailInvitationJob
[2023-05-25 14:46:26][178] Processed:  App\Jobs\EmailInvitationJob
[2023-05-25 14:46:26][176] Processed:  App\Jobs\EmailInvitationJob
[2023-05-25 14:46:26][174] Processed:  App\Jobs\EmailInvitationJob
[2023-05-25 14:46:26][183] Processing: App\Jobs\EmailInvitationJob
[2023-05-25 14:46:26][175] Processed:  App\Jobs\EmailInvitationJob
[2023-05-25 14:46:26][177] Processed:  App\Jobs\EmailInvitationJob
[2023-05-25 14:46:26][184] Processing: App\Jobs\EmailInvitationJob
[2023-05-25 14:46:26][185] Processing: App\Jobs\EmailInvitationJob
[2023-05-25 14:46:26][186] Processing: App\Jobs\EmailInvitationJob
[2023-05-25 14:46:26][187] Processing: App\Jobs\EmailInvitationJob
[2023-05-25 14:46:26][180] Processed:  App\Jobs\EmailInvitationJob
[2023-05-25 14:46:26][188] Processing: App\Jobs\EmailInvitationJob
[2023-05-25 14:46:26][181] Processed:  App\Jobs\EmailInvitationJob
[2023-05-25 14:46:26][189] Processing: App\Jobs\EmailInvitationJob
[2023-05-25 14:46:26][182] Processed:  App\Jobs\EmailInvitationJob
[2023-05-25 14:46:26][190] Processing: App\Jobs\EmailInvitationJob
[2023-05-25 14:46:26][183] Processed:  App\Jobs\EmailInvitationJob
[2023-05-25 14:46:26][184] Processed:  App\Jobs\EmailInvitationJob
[2023-05-25 14:46:26][185] Processed:  App\Jobs\EmailInvitationJob
[2023-05-25 14:46:26][186] Processed:  App\Jobs\EmailInvitationJob
[2023-05-25 14:46:26][191] Processing: App\Jobs\EmailInvitationJob
[2023-05-25 14:46:26][192] Processing: App\Jobs\EmailInvitationJob
[2023-05-25 14:46:26][193] Processing: App\Jobs\EmailInvitationJob
[2023-05-25 14:46:26][187] Processed:  App\Jobs\EmailInvitationJob
[2023-05-25 14:46:26][194] Processing: App\Jobs\EmailInvitationJob
[2023-05-25 14:46:26][195] Processing: App\Jobs\EmailInvitationJob
[2023-05-25 14:46:27][188] Processed:  App\Jobs\EmailInvitationJob
[2023-05-25 14:46:27][196] Processing: App\Jobs\EmailInvitationJob
[2023-05-25 14:46:27][189] Processed:  App\Jobs\EmailInvitationJob
[2023-05-25 14:46:27][197] Processing: App\Jobs\EmailInvitationJob
[2023-05-25 14:46:27][190] Processed:  App\Jobs\EmailInvitationJob
[2023-05-25 14:46:27][198] Processing: App\Jobs\EmailInvitationJob
[2023-05-25 14:46:27][191] Processed:  App\Jobs\EmailInvitationJob
[2023-05-25 14:46:27][193] Processed:  App\Jobs\EmailInvitationJob
[2023-05-25 14:46:27][192] Processed:  App\Jobs\EmailInvitationJob
[2023-05-25 14:46:27][194] Processed:  App\Jobs\EmailInvitationJob
[2023-05-25 14:46:27][199] Processing: App\Jobs\EmailInvitationJob
[2023-05-25 14:46:27][200] Processing: App\Jobs\EmailInvitationJob
[2023-05-25 14:46:27][195] Processed:  App\Jobs\EmailInvitationJob
[2023-05-25 14:46:27][201] Processing: App\Jobs\EmailInvitationJob
[2023-05-25 14:46:27][202] Processing: App\Jobs\EmailInvitationJob
[2023-05-25 14:46:27][203] Processing: App\Jobs\EmailInvitationJob
[2023-05-25 14:46:27][196] Processed:  App\Jobs\EmailInvitationJob
[2023-05-25 14:46:27][204] Processing: App\Jobs\EmailInvitationJob
[2023-05-25 14:46:27][197] Processed:  App\Jobs\EmailInvitationJob
[2023-05-25 14:46:27][205] Processing: App\Jobs\EmailInvitationJob
[2023-05-25 14:46:27][198] Processed:  App\Jobs\EmailInvitationJob
[2023-05-25 14:46:27][206] Processing: App\Jobs\EmailInvitationJob
[2023-05-25 14:46:28][199] Processed:  App\Jobs\EmailInvitationJob
[2023-05-25 14:46:28][200] Processed:  App\Jobs\EmailInvitationJob
[2023-05-25 14:46:28][201] Processed:  App\Jobs\EmailInvitationJob
[2023-05-25 14:46:28][207] Processing: App\Jobs\EmailInvitationJob
[2023-05-25 14:46:28][202] Processed:  App\Jobs\EmailInvitationJob
[2023-05-25 14:46:28][208] Processing: App\Jobs\EmailInvitationJob
[2023-05-25 14:46:28][209] Processing: App\Jobs\EmailInvitationJob
[2023-05-25 14:46:28][203] Processed:  App\Jobs\EmailInvitationJob
[2023-05-25 14:46:28][210] Processing: App\Jobs\EmailInvitationJob
[2023-05-25 14:46:28][211] Processing: App\Jobs\EmailInvitationJob
[2023-05-25 14:46:28][204] Processed:  App\Jobs\EmailInvitationJob
[2023-05-25 14:46:28][212] Processing: App\Jobs\EmailInvitationJob
[2023-05-25 14:46:28][205] Processed:  App\Jobs\EmailInvitationJob
[2023-05-25 14:46:28][213] Processing: App\Jobs\EmailInvitationJob
[2023-05-25 14:46:28][206] Processed:  App\Jobs\EmailInvitationJob
[2023-05-25 14:46:28][214] Processing: App\Jobs\EmailInvitationJob
[2023-05-25 14:46:28][207] Processed:  App\Jobs\EmailInvitationJob
[2023-05-25 14:46:28][209] Processed:  App\Jobs\EmailInvitationJob
[2023-05-25 14:46:28][208] Processed:  App\Jobs\EmailInvitationJob
[2023-05-25 14:46:28][210] Processed:  App\Jobs\EmailInvitationJob
[2023-05-25 14:46:28][215] Processing: App\Jobs\EmailInvitationJob
[2023-05-25 14:46:28][216] Processing: App\Jobs\EmailInvitationJob
[2023-05-25 14:46:28][218] Processing: App\Jobs\EmailInvitationJob
[2023-05-25 14:46:28][211] Processed:  App\Jobs\EmailInvitationJob
[2023-05-25 14:46:28][217] Processing: App\Jobs\EmailInvitationJob
[2023-05-25 14:46:28][219] Processing: App\Jobs\EmailInvitationJob
[2023-05-25 14:46:28][212] Processed:  App\Jobs\EmailInvitationJob
[2023-05-25 14:46:28][220] Processing: App\Jobs\EmailInvitationJob
[2023-05-25 14:46:29][213] Processed:  App\Jobs\EmailInvitationJob
[2023-05-25 14:46:29][221] Processing: App\Jobs\EmailInvitationJob
[2023-05-25 14:46:29][214] Processed:  App\Jobs\EmailInvitationJob
[2023-05-25 14:46:29][222] Processing: App\Jobs\EmailInvitationJob
[2023-05-25 14:46:29][215] Processed:  App\Jobs\EmailInvitationJob
[2023-05-25 14:46:29][216] Processed:  App\Jobs\EmailInvitationJob
[2023-05-25 14:46:29][217] Processed:  App\Jobs\EmailInvitationJob
[2023-05-25 14:46:29][218] Processed:  App\Jobs\EmailInvitationJob
[2023-05-25 14:46:29][223] Processing: App\Jobs\EmailInvitationJob
[2023-05-25 14:46:29][224] Processing: App\Jobs\EmailInvitationJob
[2023-05-25 14:46:29][225] Processing: App\Jobs\EmailInvitationJob
[2023-05-25 14:46:29][226] Processing: App\Jobs\EmailInvitationJob
[2023-05-25 14:46:29][219] Processed:  App\Jobs\EmailInvitationJob
[2023-05-25 14:46:29][227] Processing: App\Jobs\EmailInvitationJob
[2023-05-25 14:46:29][220] Processed:  App\Jobs\EmailInvitationJob
[2023-05-25 14:46:29][228] Processing: App\Jobs\EmailInvitationJob
[2023-05-25 14:46:29][221] Processed:  App\Jobs\EmailInvitationJob
[2023-05-25 14:46:29][229] Processing: App\Jobs\EmailInvitationJob
[2023-05-25 14:46:29][222] Processed:  App\Jobs\EmailInvitationJob
[2023-05-25 14:46:29][230] Processing: App\Jobs\EmailInvitationJob
[2023-05-25 14:46:29][223] Processed:  App\Jobs\EmailInvitationJob
[2023-05-25 14:46:29][225] Processed:  App\Jobs\EmailInvitationJob
[2023-05-25 14:46:29][224] Processed:  App\Jobs\EmailInvitationJob
[2023-05-25 14:46:29][226] Processed:  App\Jobs\EmailInvitationJob
[2023-05-25 14:46:29][231] Processing: App\Jobs\EmailInvitationJob
[2023-05-25 14:46:29][232] Processing: App\Jobs\EmailInvitationJob
[2023-05-25 14:46:29][233] Processing: App\Jobs\EmailInvitationJob
[2023-05-25 14:46:29][234] Processing: App\Jobs\EmailInvitationJob
[2023-05-25 14:46:29][227] Processed:  App\Jobs\EmailInvitationJob
[2023-05-25 14:46:29][235] Processing: App\Jobs\EmailInvitationJob
[2023-05-25 14:46:30][228] Processed:  App\Jobs\EmailInvitationJob
[2023-05-25 14:46:30][236] Processing: App\Jobs\EmailInvitationJob
[2023-05-25 14:46:30][229] Processed:  App\Jobs\EmailInvitationJob
[2023-05-25 14:46:30][237] Processing: App\Jobs\EmailInvitationJob
[2023-05-25 14:46:30][230] Processed:  App\Jobs\EmailInvitationJob
[2023-05-25 14:46:30][238] Processing: App\Jobs\EmailInvitationJob
[2023-05-25 14:46:30][233] Processed:  App\Jobs\EmailInvitationJob
[2023-05-25 14:46:30][232] Processed:  App\Jobs\EmailInvitationJob
[2023-05-25 14:46:30][234] Processed:  App\Jobs\EmailInvitationJob
[2023-05-25 14:46:30][231] Processed:  App\Jobs\EmailInvitationJob
[2023-05-25 14:46:30][240] Processing: App\Jobs\EmailInvitationJob
[2023-05-25 14:46:30][239] Processing: App\Jobs\EmailInvitationJob
[2023-05-25 14:46:30][241] Processing: App\Jobs\EmailInvitationJob
[2023-05-25 14:46:30][242] Processing: App\Jobs\EmailInvitationJob
[2023-05-25 14:46:30][235] Processed:  App\Jobs\EmailInvitationJob
[2023-05-25 14:46:30][243] Processing: App\Jobs\EmailInvitationJob
[2023-05-25 14:46:30][236] Processed:  App\Jobs\EmailInvitationJob
[2023-05-25 14:46:30][244] Processing: App\Jobs\EmailInvitationJob
[2023-05-25 14:46:30][237] Processed:  App\Jobs\EmailInvitationJob
[2023-05-25 14:46:30][245] Processing: App\Jobs\EmailInvitationJob
[2023-05-25 14:46:30][238] Processed:  App\Jobs\EmailInvitationJob
[2023-05-25 14:46:30][246] Processing: App\Jobs\EmailInvitationJob
[2023-05-25 14:46:31][239] Processed:  App\Jobs\EmailInvitationJob
[2023-05-25 14:46:31][241] Processed:  App\Jobs\EmailInvitationJob
[2023-05-25 14:46:31][240] Processed:  App\Jobs\EmailInvitationJob
[2023-05-25 14:46:31][242] Processed:  App\Jobs\EmailInvitationJob
[2023-05-25 14:46:31][248] Processing: App\Jobs\EmailInvitationJob
[2023-05-25 14:46:31][249] Processing: App\Jobs\EmailInvitationJob
[2023-05-25 14:46:31][247] Processing: App\Jobs\EmailInvitationJob
[2023-05-25 14:46:31][250] Processing: App\Jobs\EmailInvitationJob
[2023-05-25 14:46:31][243] Processed:  App\Jobs\EmailInvitationJob
[2023-05-25 14:46:31][251] Processing: App\Jobs\EmailInvitationJob
[2023-05-25 14:46:31][244] Processed:  App\Jobs\EmailInvitationJob
[2023-05-25 14:46:31][252] Processing: App\Jobs\EmailInvitationJob
[2023-05-25 14:46:31][245] Processed:  App\Jobs\EmailInvitationJob
[2023-05-25 14:46:31][253] Processing: App\Jobs\EmailInvitationJob
[2023-05-25 14:46:31][246] Processed:  App\Jobs\EmailInvitationJob
[2023-05-25 14:46:31][254] Processing: App\Jobs\EmailInvitationJob
[2023-05-25 14:46:31][248] Processed:  App\Jobs\EmailInvitationJob
[2023-05-25 14:46:31][247] Processed:  App\Jobs\EmailInvitationJob
[2023-05-25 14:46:31][255] Processing: App\Jobs\EmailInvitationJob
[2023-05-25 14:46:31][250] Processed:  App\Jobs\EmailInvitationJob
[2023-05-25 14:46:31][249] Processed:  App\Jobs\EmailInvitationJob
[2023-05-25 14:46:31][256] Processing: App\Jobs\EmailInvitationJob
[2023-05-25 14:46:31][257] Processing: App\Jobs\EmailInvitationJob
[2023-05-25 14:46:31][258] Processing: App\Jobs\EmailInvitationJob
[2023-05-25 14:46:31][251] Processed:  App\Jobs\EmailInvitationJob
[2023-05-25 14:46:31][259] Processing: App\Jobs\EmailInvitationJob
[2023-05-25 14:46:31][252] Processed:  App\Jobs\EmailInvitationJob
[2023-05-25 14:46:31][260] Processing: App\Jobs\EmailInvitationJob
[2023-05-25 14:46:32][253] Processed:  App\Jobs\EmailInvitationJob
[2023-05-25 14:46:32][261] Processing: App\Jobs\EmailInvitationJob
[2023-05-25 14:46:32][254] Processed:  App\Jobs\EmailInvitationJob
[2023-05-25 14:46:32][262] Processing: App\Jobs\EmailInvitationJob
[2023-05-25 14:46:32][255] Processed:  App\Jobs\EmailInvitationJob
[2023-05-25 14:46:32][256] Processed:  App\Jobs\EmailInvitationJob
[2023-05-25 14:46:32][263] Processing: App\Jobs\EmailInvitationJob
[2023-05-25 14:46:32][257] Processed:  App\Jobs\EmailInvitationJob
[2023-05-25 14:46:32][264] Processing: App\Jobs\EmailInvitationJob
[2023-05-25 14:46:32][258] Processed:  App\Jobs\EmailInvitationJob
[2023-05-25 14:46:32][265] Processing: App\Jobs\EmailInvitationJob
[2023-05-25 14:46:32][266] Processing: App\Jobs\EmailInvitationJob
[2023-05-25 14:46:32][259] Processed:  App\Jobs\EmailInvitationJob
[2023-05-25 14:46:32][267] Processing: App\Jobs\EmailInvitationJob
[2023-05-25 14:46:32][260] Processed:  App\Jobs\EmailInvitationJob
[2023-05-25 14:46:32][268] Processing: App\Jobs\EmailInvitationJob
[2023-05-25 14:46:32][261] Processed:  App\Jobs\EmailInvitationJob
[2023-05-25 14:46:32][269] Processing: App\Jobs\EmailInvitationJob
[2023-05-25 14:46:32][262] Processed:  App\Jobs\EmailInvitationJob
[2023-05-25 14:46:32][270] Processing: App\Jobs\EmailInvitationJob
[2023-05-25 14:46:32][264] Processed:  App\Jobs\EmailInvitationJob
[2023-05-25 14:46:32][263] Processed:  App\Jobs\EmailInvitationJob
[2023-05-25 14:46:32][271] Processing: App\Jobs\EmailInvitationJob
[2023-05-25 14:46:32][272] Processing: App\Jobs\EmailInvitationJob
[2023-05-25 14:46:32][265] Processed:  App\Jobs\EmailInvitationJob
[2023-05-25 14:46:32][266] Processed:  App\Jobs\EmailInvitationJob
[2023-05-25 14:46:32][273] Processing: App\Jobs\EmailInvitationJob
[2023-05-25 14:46:32][274] Processing: App\Jobs\EmailInvitationJob
[2023-05-25 14:46:32][267] Processed:  App\Jobs\EmailInvitationJob
[2023-05-25 14:46:32][275] Processing: App\Jobs\EmailInvitationJob
[2023-05-25 14:46:32][268] Processed:  App\Jobs\EmailInvitationJob
[2023-05-25 14:46:32][276] Processing: App\Jobs\EmailInvitationJob
[2023-05-25 14:46:33][269] Processed:  App\Jobs\EmailInvitationJob
[2023-05-25 14:46:33][277] Processing: App\Jobs\EmailInvitationJob
[2023-05-25 14:46:33][270] Processed:  App\Jobs\EmailInvitationJob
[2023-05-25 14:46:33][278] Processing: App\Jobs\EmailInvitationJob
[2023-05-25 14:46:33][271] Processed:  App\Jobs\EmailInvitationJob
[2023-05-25 14:46:33][272] Processed:  App\Jobs\EmailInvitationJob
[2023-05-25 14:46:33][279] Processing: App\Jobs\EmailInvitationJob
[2023-05-25 14:46:33][280] Processing: App\Jobs\EmailInvitationJob
[2023-05-25 14:46:33][273] Processed:  App\Jobs\EmailInvitationJob
[2023-05-25 14:46:33][274] Processed:  App\Jobs\EmailInvitationJob
[2023-05-25 14:46:33][281] Processing: App\Jobs\EmailInvitationJob
[2023-05-25 14:46:33][282] Processing: App\Jobs\EmailInvitationJob
[2023-05-25 14:46:33][275] Processed:  App\Jobs\EmailInvitationJob
[2023-05-25 14:46:33][283] Processing: App\Jobs\EmailInvitationJob
[2023-05-25 14:46:33][276] Processed:  App\Jobs\EmailInvitationJob
[2023-05-25 14:46:33][284] Processing: App\Jobs\EmailInvitationJob
[2023-05-25 14:46:33][277] Processed:  App\Jobs\EmailInvitationJob
[2023-05-25 14:46:33][285] Processing: App\Jobs\EmailInvitationJob
[2023-05-25 14:46:33][278] Processed:  App\Jobs\EmailInvitationJob
[2023-05-25 14:46:33][286] Processing: App\Jobs\EmailInvitationJob
[2023-05-25 14:46:34][279] Processed:  App\Jobs\EmailInvitationJob
[2023-05-25 14:46:34][280] Processed:  App\Jobs\EmailInvitationJob
[2023-05-25 14:46:34][287] Processing: App\Jobs\EmailInvitationJob
[2023-05-25 14:46:34][288] Processing: App\Jobs\EmailInvitationJob
[2023-05-25 14:46:34][282] Processed:  App\Jobs\EmailInvitationJob
[2023-05-25 14:46:34][281] Processed:  App\Jobs\EmailInvitationJob
[2023-05-25 14:46:34][289] Processing: App\Jobs\EmailInvitationJob
[2023-05-25 14:46:34][290] Processing: App\Jobs\EmailInvitationJob
[2023-05-25 14:46:34][283] Processed:  App\Jobs\EmailInvitationJob
[2023-05-25 14:46:34][291] Processing: App\Jobs\EmailInvitationJob
[2023-05-25 14:46:34][284] Processed:  App\Jobs\EmailInvitationJob
[2023-05-25 14:46:34][292] Processing: App\Jobs\EmailInvitationJob
[2023-05-25 14:46:34][285] Processed:  App\Jobs\EmailInvitationJob
[2023-05-25 14:46:34][293] Processing: App\Jobs\EmailInvitationJob
[2023-05-25 14:46:34][286] Processed:  App\Jobs\EmailInvitationJob
[2023-05-25 14:46:34][294] Processing: App\Jobs\EmailInvitationJob
[2023-05-25 14:46:34][287] Processed:  App\Jobs\EmailInvitationJob
[2023-05-25 14:46:34][295] Processing: App\Jobs\EmailInvitationJob
[2023-05-25 14:46:34][288] Processed:  App\Jobs\EmailInvitationJob
[2023-05-25 14:46:34][296] Processing: App\Jobs\EmailInvitationJob
[2023-05-25 14:46:34][290] Processed:  App\Jobs\EmailInvitationJob
[2023-05-25 14:46:34][289] Processed:  App\Jobs\EmailInvitationJob
[2023-05-25 14:46:34][297] Processing: App\Jobs\EmailInvitationJob
[2023-05-25 14:46:34][298] Processing: App\Jobs\EmailInvitationJob
[2023-05-25 14:46:34][291] Processed:  App\Jobs\EmailInvitationJob
[2023-05-25 14:46:34][299] Processing: App\Jobs\EmailInvitationJob
[2023-05-25 14:46:34][292] Processed:  App\Jobs\EmailInvitationJob
[2023-05-25 14:46:34][300] Processing: App\Jobs\EmailInvitationJob
[2023-05-25 14:46:34][293] Processed:  App\Jobs\EmailInvitationJob
[2023-05-25 14:46:34][301] Processing: App\Jobs\EmailInvitationJob
[2023-05-25 14:46:35][294] Processed:  App\Jobs\EmailInvitationJob
[2023-05-25 14:46:35][302] Processing: App\Jobs\EmailInvitationJob
[2023-05-25 14:46:35][295] Processed:  App\Jobs\EmailInvitationJob
[2023-05-25 14:46:35][303] Processing: App\Jobs\EmailInvitationJob
[2023-05-25 14:46:35][296] Processed:  App\Jobs\EmailInvitationJob
[2023-05-25 14:46:35][304] Processing: App\Jobs\EmailInvitationJob
[2023-05-25 14:46:35][297] Processed:  App\Jobs\EmailInvitationJob
[2023-05-25 14:46:35][305] Processing: App\Jobs\EmailInvitationJob
[2023-05-25 14:46:35][298] Processed:  App\Jobs\EmailInvitationJob
[2023-05-25 14:46:35][306] Processing: App\Jobs\EmailInvitationJob
[2023-05-25 14:46:35][299] Processed:  App\Jobs\EmailInvitationJob
[2023-05-25 14:46:35][307] Processing: App\Jobs\EmailInvitationJob
[2023-05-25 14:46:35][300] Processed:  App\Jobs\EmailInvitationJob
[2023-05-25 14:46:35][308] Processing: App\Jobs\EmailInvitationJob
[2023-05-25 14:46:35][301] Processed:  App\Jobs\EmailInvitationJob
[2023-05-25 14:46:35][309] Processing: App\Jobs\EmailInvitationJob
[2023-05-25 14:46:35][302] Processed:  App\Jobs\EmailInvitationJob
[2023-05-25 14:46:35][310] Processing: App\Jobs\EmailInvitationJob
[2023-05-25 14:46:35][303] Processed:  App\Jobs\EmailInvitationJob
[2023-05-25 14:46:35][311] Processing: App\Jobs\EmailInvitationJob
[2023-05-25 14:46:35][304] Processed:  App\Jobs\EmailInvitationJob
[2023-05-25 14:46:35][312] Processing: App\Jobs\EmailInvitationJob
[2023-05-25 14:46:35][305] Processed:  App\Jobs\EmailInvitationJob
[2023-05-25 14:46:35][313] Processing: App\Jobs\EmailInvitationJob
[2023-05-25 14:46:35][306] Processed:  App\Jobs\EmailInvitationJob
[2023-05-25 14:46:35][314] Processing: App\Jobs\EmailInvitationJob
[2023-05-25 14:46:35][307] Processed:  App\Jobs\EmailInvitationJob
[2023-05-25 14:46:35][315] Processing: App\Jobs\EmailInvitationJob
[2023-05-25 14:46:35][308] Processed:  App\Jobs\EmailInvitationJob
[2023-05-25 14:46:35][316] Processing: App\Jobs\EmailInvitationJob
[2023-05-25 14:46:36][309] Processed:  App\Jobs\EmailInvitationJob
[2023-05-25 14:46:36][317] Processing: App\Jobs\EmailInvitationJob
[2023-05-25 14:46:36][310] Processed:  App\Jobs\EmailInvitationJob
[2023-05-25 14:46:36][318] Processing: App\Jobs\EmailInvitationJob
[2023-05-25 14:46:36][311] Processed:  App\Jobs\EmailInvitationJob
[2023-05-25 14:46:36][319] Processing: App\Jobs\EmailInvitationJob
[2023-05-25 14:46:36][312] Processed:  App\Jobs\EmailInvitationJob
[2023-05-25 14:46:36][320] Processing: App\Jobs\EmailInvitationJob
[2023-05-25 14:46:36][313] Processed:  App\Jobs\EmailInvitationJob
[2023-05-25 14:46:36][314] Processed:  App\Jobs\EmailInvitationJob
[2023-05-25 14:46:36][321] Processing: App\Jobs\EmailInvitationJob
[2023-05-25 14:46:36][322] Processing: App\Jobs\EmailInvitationJob
[2023-05-25 14:46:36][315] Processed:  App\Jobs\EmailInvitationJob
[2023-05-25 14:46:36][323] Processing: App\Jobs\EmailInvitationJob
[2023-05-25 14:46:36][316] Processed:  App\Jobs\EmailInvitationJob
[2023-05-25 14:46:36][324] Processing: App\Jobs\EmailInvitationJob
[2023-05-25 14:46:36][317] Processed:  App\Jobs\EmailInvitationJob
[2023-05-25 14:46:36][325] Processing: App\Jobs\EmailInvitationJob
[2023-05-25 14:46:36][318] Processed:  App\Jobs\EmailInvitationJob
[2023-05-25 14:46:36][326] Processing: App\Jobs\EmailInvitationJob
[2023-05-25 14:46:37][319] Processed:  App\Jobs\EmailInvitationJob
[2023-05-25 14:46:37][327] Processing: App\Jobs\EmailInvitationJob
[2023-05-25 14:46:37][320] Processed:  App\Jobs\EmailInvitationJob
[2023-05-25 14:46:37][328] Processing: App\Jobs\EmailInvitationJob
[2023-05-25 14:46:37][321] Processed:  App\Jobs\EmailInvitationJob
[2023-05-25 14:46:37][329] Processing: App\Jobs\EmailInvitationJob
[2023-05-25 14:46:37][322] Processed:  App\Jobs\EmailInvitationJob
[2023-05-25 14:46:37][330] Processing: App\Jobs\EmailInvitationJob
[2023-05-25 14:46:37][323] Processed:  App\Jobs\EmailInvitationJob
[2023-05-25 14:46:37][331] Processing: App\Jobs\EmailInvitationJob
[2023-05-25 14:46:37][324] Processed:  App\Jobs\EmailInvitationJob
[2023-05-25 14:46:37][332] Processing: App\Jobs\EmailInvitationJob
[2023-05-25 14:46:37][325] Processed:  App\Jobs\EmailInvitationJob
[2023-05-25 14:46:37][333] Processing: App\Jobs\EmailInvitationJob
[2023-05-25 14:46:37][326] Processed:  App\Jobs\EmailInvitationJob
[2023-05-25 14:46:37][334] Processing: App\Jobs\EmailInvitationJob
[2023-05-25 14:46:37][327] Processed:  App\Jobs\EmailInvitationJob
[2023-05-25 14:46:37][335] Processing: App\Mail\EmailTeamInvitation
[2023-05-25 14:46:37][328] Processed:  App\Jobs\EmailInvitationJob
[2023-05-25 14:46:37][336] Processing: App\Mail\EmailTeamInvitation
[2023-05-25 14:46:37][329] Processed:  App\Jobs\EmailInvitationJob
[2023-05-25 14:46:37][337] Processing: App\Mail\EmailTeamInvitation
[2023-05-25 14:46:37][330] Processed:  App\Jobs\EmailInvitationJob
[2023-05-25 14:46:37][338] Processing: App\Mail\EmailTeamInvitation
[2023-05-25 14:46:37][331] Processed:  App\Jobs\EmailInvitationJob
[2023-05-25 14:46:37][339] Processing: App\Mail\EmailTeamInvitation
[2023-05-25 14:46:37][332] Processed:  App\Jobs\EmailInvitationJob
[2023-05-25 14:46:37][340] Processing: App\Mail\EmailTeamInvitation
[2023-05-25 14:46:37][333] Processed:  App\Jobs\EmailInvitationJob
[2023-05-25 14:46:37][341] Processing: App\Mail\EmailTeamInvitation
[2023-05-25 14:46:38][334] Processed:  App\Jobs\EmailInvitationJob
[2023-05-25 14:46:38][342] Processing: App\Mail\EmailTeamInvitation
[2023-05-25 14:46:39][335] Processed:  App\Mail\EmailTeamInvitation
[2023-05-25 14:46:39][343] Processing: App\Mail\EmailTeamInvitation
[2023-05-25 14:46:39][336] Processed:  App\Mail\EmailTeamInvitation
[2023-05-25 14:46:39][344] Processing: App\Mail\EmailTeamInvitation
[2023-05-25 14:46:39][340] Processed:  App\Mail\EmailTeamInvitation
[2023-05-25 14:46:39][345] Processing: App\Mail\EmailTeamInvitation
[2023-05-25 14:46:39][339] Processed:  App\Mail\EmailTeamInvitation
[2023-05-25 14:46:39][346] Processing: App\Mail\EmailTeamInvitation
[2023-05-25 14:46:40][341] Processed:  App\Mail\EmailTeamInvitation
[2023-05-25 14:46:40][347] Processing: App\Mail\EmailTeamInvitation
[2023-05-25 14:46:40][348] Processing: App\Mail\EmailTeamInvitation
[2023-05-25 14:46:40][349] Processing: App\Mail\EmailTeamInvitation
[2023-05-25 14:46:40][350] Processing: App\Mail\EmailTeamInvitation
[2023-05-25 14:46:40][351] Processing: App\Mail\EmailTeamInvitation
[2023-05-25 14:46:41][337] Processed:  App\Mail\EmailTeamInvitation
[2023-05-25 14:46:41][352] Processing: App\Mail\EmailTeamInvitation
[2023-05-25 14:46:41][338] Processed:  App\Mail\EmailTeamInvitation
[2023-05-25 14:46:41][353] Processing: App\Mail\EmailTeamInvitation
[2023-05-25 14:46:41][342] Processed:  App\Mail\EmailTeamInvitation
[2023-05-25 14:46:41][354] Processing: App\Mail\EmailTeamInvitation
[2023-05-25 14:46:42][344] Processed:  App\Mail\EmailTeamInvitation
[2023-05-25 14:46:42][355] Processing: App\Mail\EmailTeamInvitation
[2023-05-25 14:46:42][348] Processed:  App\Mail\EmailTeamInvitation
[2023-05-25 14:46:42][356] Processing: App\Mail\EmailTeamInvitation
[2023-05-25 14:46:42][350] Processed:  App\Mail\EmailTeamInvitation
[2023-05-25 14:46:42][357] Processing: App\Mail\EmailTeamInvitation
[2023-05-25 14:46:43][351] Processed:  App\Mail\EmailTeamInvitation
[2023-05-25 14:46:43][358] Processing: App\Mail\EmailTeamInvitation
[2023-05-25 14:46:43][349] Processed:  App\Mail\EmailTeamInvitation
[2023-05-25 14:46:43][359] Processing: App\Mail\EmailTeamInvitation
[2023-05-25 14:46:43][360] Processing: App\Mail\EmailTeamInvitation
[2023-05-25 14:46:43][361] Processing: App\Mail\EmailTeamInvitation
[2023-05-25 14:46:44][352] Processed:  App\Mail\EmailTeamInvitation
[2023-05-25 14:46:44][362] Processing: App\Mail\EmailTeamInvitation
[2023-05-25 14:46:44][354] Processed:  App\Mail\EmailTeamInvitation
[2023-05-25 14:46:44][363] Processing: App\Mail\EmailTeamInvitation
[2023-05-25 14:46:44][353] Processed:  App\Mail\EmailTeamInvitation
[2023-05-25 14:46:44][364] Processing: App\Mail\EmailTeamInvitation
[2023-05-25 14:46:44][355] Processed:  App\Mail\EmailTeamInvitation
[2023-05-25 14:46:44][365] Processing: App\Mail\EmailTeamInvitation
[2023-05-25 14:46:45][357] Processed:  App\Mail\EmailTeamInvitation
[2023-05-25 14:46:45][366] Processing: App\Mail\EmailTeamInvitation
[2023-05-25 14:46:45][359] Processed:  App\Mail\EmailTeamInvitation
[2023-05-25 14:46:45][367] Processing: App\Mail\EmailTeamInvitation
[2023-05-25 14:46:46][360] Processed:  App\Mail\EmailTeamInvitation
[2023-05-25 14:46:46][368] Processing: App\Mail\EmailTeamInvitation
[2023-05-25 14:46:46][361] Processed:  App\Mail\EmailTeamInvitation
[2023-05-25 14:46:46][369] Processing: App\Mail\EmailTeamInvitation
[2023-05-25 14:46:46][363] Processed:  App\Mail\EmailTeamInvitation
[2023-05-25 14:46:46][370] Processing: App\Mail\EmailTeamInvitation
[2023-05-25 14:46:46][364] Processed:  App\Mail\EmailTeamInvitation
[2023-05-25 14:46:46][371] Processing: App\Mail\EmailTeamInvitation
[2023-05-25 14:46:47][362] Processed:  App\Mail\EmailTeamInvitation
[2023-05-25 14:46:47][372] Processing: App\Mail\EmailTeamInvitation
[2023-05-25 14:46:47][373] Processing: App\Mail\EmailTeamInvitation
[2023-05-25 14:46:47][374] Processing: App\Mail\EmailTeamInvitation
[2023-05-25 14:46:47][366] Processed:  App\Mail\EmailTeamInvitation
[2023-05-25 14:46:47][375] Processing: App\Mail\EmailTeamInvitation
[2023-05-25 14:46:47][365] Processed:  App\Mail\EmailTeamInvitation
[2023-05-25 14:46:47][376] Processing: App\Mail\EmailTeamInvitation
[2023-05-25 14:46:48][367] Processed:  App\Mail\EmailTeamInvitation
[2023-05-25 14:46:48][377] Processing: App\Mail\EmailTeamInvitation
[2023-05-25 14:46:48][370] Processed:  App\Mail\EmailTeamInvitation
[2023-05-25 14:46:48][378] Processing: App\Mail\EmailTeamInvitation
[2023-05-25 14:46:48][369] Processed:  App\Mail\EmailTeamInvitation
[2023-05-25 14:46:48][379] Processing: App\Mail\EmailTeamInvitation
[2023-05-25 14:46:48][372] Processed:  App\Mail\EmailTeamInvitation
[2023-05-25 14:46:48][380] Processing: App\Mail\EmailTeamInvitation
[2023-05-25 14:46:49][381] Processing: App\Mail\EmailTeamInvitation
[2023-05-25 14:46:49][382] Processing: App\Mail\EmailTeamInvitation
[2023-05-25 14:46:49][383] Processing: App\Mail\EmailTeamInvitation
[2023-05-25 14:46:49][374] Processed:  App\Mail\EmailTeamInvitation
[2023-05-25 14:46:49][384] Processing: App\Mail\EmailTeamInvitation
[2023-05-25 14:46:50][373] Processed:  App\Mail\EmailTeamInvitation
[2023-05-25 14:46:50][385] Processing: App\Mail\EmailTeamInvitation
[2023-05-25 14:46:50][376] Processed:  App\Mail\EmailTeamInvitation
[2023-05-25 14:46:50][386] Processing: App\Mail\EmailTeamInvitation
[2023-05-25 14:46:50][375] Processed:  App\Mail\EmailTeamInvitation
[2023-05-25 14:46:50][387] Processing: App\Mail\EmailTeamInvitation
[2023-05-25 14:46:51][388] Processing: App\Mail\EmailTeamInvitation
[2023-05-25 14:46:51][377] Processed:  App\Mail\EmailTeamInvitation
[2023-05-25 14:46:51][389] Processing: App\Mail\EmailTeamInvitation
[2023-05-25 14:46:51][381] Processed:  App\Mail\EmailTeamInvitation
[2023-05-25 14:46:51][390] Processing: App\Mail\EmailTeamInvitation
[2023-05-25 14:46:51][382] Processed:  App\Mail\EmailTeamInvitation
[2023-05-25 14:46:51][391] Processing: App\Mail\EmailTeamInvitation
[2023-05-25 14:46:52][383] Processed:  App\Mail\EmailTeamInvitation
[2023-05-25 14:46:52][392] Processing: App\Mail\EmailTeamInvitation
[2023-05-25 14:46:52][385] Processed:  App\Mail\EmailTeamInvitation
[2023-05-25 14:46:52][393] Processing: App\Mail\EmailTeamInvitation
[2023-05-25 14:46:53][384] Processed:  App\Mail\EmailTeamInvitation
[2023-05-25 14:46:53][394] Processing: App\Mail\EmailTeamInvitation
[2023-05-25 14:46:53][395] Processing: App\Mail\EmailTeamInvitation
[2023-05-25 14:46:53][386] Processed:  App\Mail\EmailTeamInvitation
[2023-05-25 14:46:53][396] Processing: App\Mail\EmailTeamInvitation
[2023-05-25 14:46:53][388] Processed:  App\Mail\EmailTeamInvitation
[2023-05-25 14:46:53][397] Processing: App\Mail\EmailTeamInvitation
[2023-05-25 14:46:54][389] Processed:  App\Mail\EmailTeamInvitation
[2023-05-25 14:46:54][398] Processing: App\Mail\EmailTeamInvitation
[2023-05-25 14:46:54][390] Processed:  App\Mail\EmailTeamInvitation
[2023-05-25 14:46:54][399] Processing: App\Mail\EmailTeamInvitation
[2023-05-25 14:46:54][391] Processed:  App\Mail\EmailTeamInvitation
[2023-05-25 14:46:54][400] Processing: App\Mail\EmailTeamInvitation
[2023-05-25 14:46:55][392] Processed:  App\Mail\EmailTeamInvitation
[2023-05-25 14:46:55][401] Processing: App\Mail\EmailTeamInvitation
[2023-05-25 14:46:55][394] Processed:  App\Mail\EmailTeamInvitation
[2023-05-25 14:46:55][402] Processing: App\Mail\EmailTeamInvitation
[2023-05-25 14:46:55][395] Processed:  App\Mail\EmailTeamInvitation
[2023-05-25 14:46:55][403] Processing: App\Mail\EmailTeamInvitation
[2023-05-25 14:46:55][396] Processed:  App\Mail\EmailTeamInvitation
[2023-05-25 14:46:55][404] Processing: App\Mail\EmailTeamInvitation
[2023-05-25 14:46:56][397] Processed:  App\Mail\EmailTeamInvitation
[2023-05-25 14:46:56][405] Processing: App\Mail\EmailTeamInvitation
[2023-05-25 14:46:56][398] Processed:  App\Mail\EmailTeamInvitation
[2023-05-25 14:46:56][406] Processing: App\Mail\EmailTeamInvitation
[2023-05-25 14:46:56][400] Processed:  App\Mail\EmailTeamInvitation
[2023-05-25 14:46:56][407] Processing: App\Mail\EmailTeamInvitation
[2023-05-25 14:46:57][399] Processed:  App\Mail\EmailTeamInvitation
[2023-05-25 14:46:57][408] Processing: App\Mail\EmailTeamInvitation
[2023-05-25 14:46:58][401] Processed:  App\Mail\EmailTeamInvitation
[2023-05-25 14:46:58][409] Processing: App\Mail\EmailTeamInvitation
[2023-05-25 14:46:58][403] Processed:  App\Mail\EmailTeamInvitation
[2023-05-25 14:46:58][410] Processing: App\Mail\EmailTeamInvitation
[2023-05-25 14:46:58][402] Processed:  App\Mail\EmailTeamInvitation
[2023-05-25 14:46:58][411] Processing: App\Mail\EmailTeamInvitation
[2023-05-25 14:46:58][404] Processed:  App\Mail\EmailTeamInvitation
[2023-05-25 14:46:58][412] Processing: App\Mail\EmailTeamInvitation
[2023-05-25 14:46:59][406] Processed:  App\Mail\EmailTeamInvitation
[2023-05-25 14:46:59][413] Processing: App\Mail\EmailTeamInvitation
[2023-05-25 14:46:59][405] Processed:  App\Mail\EmailTeamInvitation
[2023-05-25 14:46:59][414] Processing: App\Mail\EmailTeamInvitation
[2023-05-25 14:46:59][408] Processed:  App\Mail\EmailTeamInvitation
[2023-05-25 14:46:59][415] Processing: App\Mail\EmailTeamInvitation
[2023-05-25 14:46:59][407] Processed:  App\Mail\EmailTeamInvitation
[2023-05-25 14:46:59][416] Processing: App\Mail\EmailTeamInvitation
[2023-05-25 14:47:00][410] Processed:  App\Mail\EmailTeamInvitation
[2023-05-25 14:47:00][417] Processing: App\Mail\EmailTeamInvitation
[2023-05-25 14:47:01][411] Processed:  App\Mail\EmailTeamInvitation
[2023-05-25 14:47:01][418] Processing: App\Mail\EmailTeamInvitation
[2023-05-25 14:47:01][412] Processed:  App\Mail\EmailTeamInvitation
[2023-05-25 14:47:01][419] Processing: App\Mail\EmailTeamInvitation
[2023-05-25 14:47:01][409] Processed:  App\Mail\EmailTeamInvitation
[2023-05-25 14:47:01][420] Processing: App\Mail\EmailTeamInvitation
[2023-05-25 14:47:02][415] Processed:  App\Mail\EmailTeamInvitation
[2023-05-25 14:47:02][421] Processing: App\Mail\EmailTeamInvitation
[2023-05-25 14:47:02][414] Processed:  App\Mail\EmailTeamInvitation
[2023-05-25 14:47:02][422] Processing: App\Mail\EmailTeamInvitation
[2023-05-25 14:47:02][416] Processed:  App\Mail\EmailTeamInvitation
[2023-05-25 14:47:02][423] Processing: App\Mail\EmailTeamInvitation
[2023-05-25 14:47:02][413] Processed:  App\Mail\EmailTeamInvitation
[2023-05-25 14:47:02][424] Processing: App\Mail\EmailTeamInvitation
[2023-05-25 14:47:03][417] Processed:  App\Mail\EmailTeamInvitation
[2023-05-25 14:47:03][425] Processing: App\Mail\EmailTeamInvitation
[2023-05-25 14:47:03][419] Processed:  App\Mail\EmailTeamInvitation
[2023-05-25 14:47:03][426] Processing: App\Mail\EmailTeamInvitation
[2023-05-25 14:47:04][418] Processed:  App\Mail\EmailTeamInvitation
[2023-05-25 14:47:04][427] Processing: App\Mail\EmailTeamInvitation
[2023-05-25 14:47:04][428] Processing: App\Mail\EmailTeamInvitation
[2023-05-25 14:47:04][429] Processing: App\Mail\EmailTeamInvitation
[2023-05-25 14:47:04][430] Processing: App\Mail\EmailTeamInvitation
[2023-05-25 14:47:05][420] Processed:  App\Mail\EmailTeamInvitation
[2023-05-25 14:47:05][431] Processing: App\Mail\EmailTeamInvitation
[2023-05-25 14:47:05][421] Processed:  App\Mail\EmailTeamInvitation
[2023-05-25 14:47:05][432] Processing: App\Mail\EmailTeamInvitation
[2023-05-25 14:47:05][423] Processed:  App\Mail\EmailTeamInvitation
[2023-05-25 14:47:05][433] Processing: App\Mail\EmailTeamInvitation
[2023-05-25 14:47:05][422] Processed:  App\Mail\EmailTeamInvitation
[2023-05-25 14:47:05][434] Processing: App\Mail\EmailTeamInvitation
[2023-05-25 14:47:06][424] Processed:  App\Mail\EmailTeamInvitation
[2023-05-25 14:47:06][435] Processing: App\Mail\EmailTeamInvitation
[2023-05-25 14:47:06][428] Processed:  App\Mail\EmailTeamInvitation
[2023-05-25 14:47:06][436] Processing: App\Mail\EmailTeamInvitation
[2023-05-25 14:47:07][429] Processed:  App\Mail\EmailTeamInvitation
[2023-05-25 14:47:07][437] Processing: App\Mail\EmailTeamInvitation
[2023-05-25 14:47:07][430] Processed:  App\Mail\EmailTeamInvitation
[2023-05-25 14:47:07][438] Processing: App\Mail\EmailTeamInvitation
[2023-05-25 14:47:08][431] Processed:  App\Mail\EmailTeamInvitation
[2023-05-25 14:47:08][439] Processing: App\Mail\EmailTeamInvitation
[2023-05-25 14:47:08][432] Processed:  App\Mail\EmailTeamInvitation
[2023-05-25 14:47:08][440] Processing: App\Mail\EmailTeamInvitation
[2023-05-25 14:47:09][433] Processed:  App\Mail\EmailTeamInvitation
[2023-05-25 14:47:09][441] Processing: App\Mail\EmailTeamInvitation
[2023-05-25 14:47:09][434] Processed:  App\Mail\EmailTeamInvitation
[2023-05-25 14:47:09][442] Processing: App\Mail\EmailTeamInvitation
[2023-05-25 14:47:09][435] Processed:  App\Mail\EmailTeamInvitation
[2023-05-25 14:47:09][443] Processing: App\Mail\EmailTeamInvitation
[2023-05-25 14:47:10][437] Processed:  App\Mail\EmailTeamInvitation
[2023-05-25 14:47:10][444] Processing: App\Mail\EmailTeamInvitation
[2023-05-25 14:47:10][436] Processed:  App\Mail\EmailTeamInvitation
[2023-05-25 14:47:10][445] Processing: App\Mail\EmailTeamInvitation
[2023-05-25 14:47:10][438] Processed:  App\Mail\EmailTeamInvitation
[2023-05-25 14:47:10][446] Processing: App\Mail\EmailTeamInvitation
[2023-05-25 14:47:11][439] Processed:  App\Mail\EmailTeamInvitation
[2023-05-25 14:47:11][447] Processing: App\Mail\EmailTeamInvitation
[2023-05-25 14:47:11][440] Processed:  App\Mail\EmailTeamInvitation
[2023-05-25 14:47:11][448] Processing: App\Mail\EmailTeamInvitation
[2023-05-25 14:47:11][441] Processed:  App\Mail\EmailTeamInvitation
[2023-05-25 14:47:11][449] Processing: App\Mail\EmailTeamInvitation
[2023-05-25 14:47:11][442] Processed:  App\Mail\EmailTeamInvitation
[2023-05-25 14:47:11][450] Processing: App\Mail\EmailTeamInvitation
[2023-05-25 14:47:12][451] Processing: App\Mail\EmailTeamInvitation
[2023-05-25 14:47:12][452] Processing: App\Mail\EmailTeamInvitation
[2023-05-25 14:47:12][453] Processing: App\Mail\EmailTeamInvitation
[2023-05-25 14:47:12][443] Processed:  App\Mail\EmailTeamInvitation
[2023-05-25 14:47:12][454] Processing: App\Mail\EmailTeamInvitation
[2023-05-25 14:47:13][444] Processed:  App\Mail\EmailTeamInvitation
[2023-05-25 14:47:13][455] Processing: App\Mail\EmailTeamInvitation
[2023-05-25 14:47:13][445] Processed:  App\Mail\EmailTeamInvitation
[2023-05-25 14:47:13][456] Processing: App\Mail\EmailTeamInvitation
[2023-05-25 14:47:13][446] Processed:  App\Mail\EmailTeamInvitation
[2023-05-25 14:47:13][457] Processing: App\Mail\EmailTeamInvitation
[2023-05-25 14:47:13][447] Processed:  App\Mail\EmailTeamInvitation
[2023-05-25 14:47:13][458] Processing: App\Mail\EmailTeamInvitation
[2023-05-25 14:47:14][451] Processed:  App\Mail\EmailTeamInvitation
[2023-05-25 14:47:14][459] Processing: App\Mail\EmailTeamInvitation
[2023-05-25 14:47:14][452] Processed:  App\Mail\EmailTeamInvitation
[2023-05-25 14:47:14][460] Processing: App\Mail\EmailTeamInvitation
[2023-05-25 14:47:15][453] Processed:  App\Mail\EmailTeamInvitation
[2023-05-25 14:47:15][461] Processing: App\Mail\EmailTeamInvitation
[2023-05-25 14:47:15][454] Processed:  App\Mail\EmailTeamInvitation
[2023-05-25 14:47:15][462] Processing: App\Mail\EmailTeamInvitation
[2023-05-25 14:47:15][455] Processed:  App\Mail\EmailTeamInvitation
[2023-05-25 14:47:15][463] Processing: App\Mail\EmailTeamInvitation
[2023-05-25 14:47:15][456] Processed:  App\Mail\EmailTeamInvitation
[2023-05-25 14:47:15][464] Processing: App\Mail\EmailTeamInvitation
[2023-05-25 14:47:16][459] Processed:  App\Mail\EmailTeamInvitation
[2023-05-25 14:47:16][465] Processing: App\Mail\EmailTeamInvitation
[2023-05-25 14:47:16][457] Processed:  App\Mail\EmailTeamInvitation
[2023-05-25 14:47:16][466] Processing: App\Mail\EmailTeamInvitation
[2023-05-25 14:47:17][458] Processed:  App\Mail\EmailTeamInvitation
[2023-05-25 14:47:17][467] Processing: App\Mail\EmailTeamInvitation
[2023-05-25 14:47:17][460] Processed:  App\Mail\EmailTeamInvitation
[2023-05-25 14:47:17][468] Processing: App\Mail\EmailTeamInvitation
[2023-05-25 14:47:17][462] Processed:  App\Mail\EmailTeamInvitation
[2023-05-25 14:47:17][469] Processing: App\Mail\EmailTeamInvitation
[2023-05-25 14:47:18][461] Processed:  App\Mail\EmailTeamInvitation
[2023-05-25 14:47:18][470] Processing: App\Mail\EmailTeamInvitation
[2023-05-25 14:47:18][463] Processed:  App\Mail\EmailTeamInvitation
[2023-05-25 14:47:18][471] Processing: App\Mail\EmailTeamInvitation
[2023-05-25 14:47:18][464] Processed:  App\Mail\EmailTeamInvitation
[2023-05-25 14:47:18][472] Processing: App\Mail\EmailTeamInvitation
[2023-05-25 14:47:19][468] Processed:  App\Mail\EmailTeamInvitation
[2023-05-25 14:47:19][473] Processing: App\Mail\EmailTeamInvitation
[2023-05-25 14:47:19][467] Processed:  App\Mail\EmailTeamInvitation
[2023-05-25 14:47:19][474] Processing: App\Mail\EmailTeamInvitation
[2023-05-25 14:47:19][465] Processed:  App\Mail\EmailTeamInvitation
[2023-05-25 14:47:19][475] Processing: App\Mail\EmailTeamInvitation
[2023-05-25 14:47:19][466] Processed:  App\Mail\EmailTeamInvitation
[2023-05-25 14:47:19][476] Processing: App\Mail\EmailTeamInvitation
[2023-05-25 14:47:19][469] Processed:  App\Mail\EmailTeamInvitation
[2023-05-25 14:47:19][477] Processing: App\Mail\EmailTeamInvitation
[2023-05-25 14:47:20][470] Processed:  App\Mail\EmailTeamInvitation
[2023-05-25 14:47:20][478] Processing: App\Mail\EmailTeamInvitation
[2023-05-25 14:47:20][471] Processed:  App\Mail\EmailTeamInvitation
[2023-05-25 14:47:20][479] Processing: App\Mail\EmailTeamInvitation
[2023-05-25 14:47:21][472] Processed:  App\Mail\EmailTeamInvitation
[2023-05-25 14:47:21][480] Processing: App\Mail\EmailTeamInvitation
[2023-05-25 14:47:22][473] Processed:  App\Mail\EmailTeamInvitation
[2023-05-25 14:47:22][481] Processing: App\Mail\EmailTeamInvitation
[2023-05-25 14:47:22][476] Processed:  App\Mail\EmailTeamInvitation
[2023-05-25 14:47:22][482] Processing: App\Mail\EmailTeamInvitation
[2023-05-25 14:47:22][475] Processed:  App\Mail\EmailTeamInvitation
[2023-05-25 14:47:22][483] Processing: App\Mail\EmailTeamInvitation
[2023-05-25 14:47:22][477] Processed:  App\Mail\EmailTeamInvitation
[2023-05-25 14:47:22][484] Processing: App\Mail\EmailTeamInvitation
[2023-05-25 14:47:22][474] Processed:  App\Mail\EmailTeamInvitation
[2023-05-25 14:47:22][485] Processing: App\Mail\EmailTeamInvitation
[2023-05-25 14:47:23][486] Processing: App\Mail\EmailTeamInvitation
[2023-05-25 14:47:23][487] Processing: App\Mail\EmailTeamInvitation
[2023-05-25 14:47:23][488] Processing: App\Mail\EmailTeamInvitation
[2023-05-25 14:47:23][479] Processed:  App\Mail\EmailTeamInvitation
[2023-05-25 14:47:23][489] Processing: App\Mail\EmailTeamInvitation
[2023-05-25 14:47:23][478] Processed:  App\Mail\EmailTeamInvitation
[2023-05-25 14:47:23][490] Processing: App\Mail\EmailTeamInvitation
[2023-05-25 14:47:24][480] Processed:  App\Mail\EmailTeamInvitation
[2023-05-25 14:47:24][491] Processing: App\Mail\EmailTeamInvitation
[2023-05-25 14:47:24][483] Processed:  App\Mail\EmailTeamInvitation
[2023-05-25 14:47:24][492] Processing: App\Mail\EmailTeamInvitation
[2023-05-25 14:47:24][485] Processed:  App\Mail\EmailTeamInvitation
[2023-05-25 14:47:24][493] Processing: App\Mail\EmailTeamInvitation
[2023-05-25 14:47:25][486] Processed:  App\Mail\EmailTeamInvitation
[2023-05-25 14:47:25][494] Processing: App\Mail\EmailTeamInvitation
[2023-05-25 14:47:25][488] Processed:  App\Mail\EmailTeamInvitation
[2023-05-25 14:47:25][495] Processing: App\Mail\EmailTeamInvitation
[2023-05-25 14:47:25][487] Processed:  App\Mail\EmailTeamInvitation
[2023-05-25 14:47:25][496] Processing: App\Mail\EmailTeamInvitation
[2023-05-25 14:47:25][489] Processed:  App\Mail\EmailTeamInvitation
[2023-05-25 14:47:25][497] Processing: App\Mail\EmailTeamInvitation
[2023-05-25 14:47:26][498] Processing: App\Mail\EmailTeamInvitation
[2023-05-25 14:47:26][499] Processing: App\Mail\EmailTeamInvitation
[2023-05-25 14:47:26][493] Processed:  App\Mail\EmailTeamInvitation
[2023-05-25 14:47:26][500] Processing: App\Mail\EmailTeamInvitation
[2023-05-25 14:47:26][492] Processed:  App\Mail\EmailTeamInvitation
[2023-05-25 14:47:26][501] Processing: App\Mail\EmailTeamInvitation
[2023-05-25 14:47:26][502] Processing: App\Mail\EmailTeamInvitation
[2023-05-25 14:47:26][491] Processed:  App\Mail\EmailTeamInvitation
[2023-05-25 14:47:27][503] Processing: App\Mail\EmailTeamInvitation
[2023-05-25 14:47:27][490] Processed:  App\Mail\EmailTeamInvitation
[2023-05-25 14:47:27][504] Processing: App\Mail\EmailTeamInvitation
[2023-05-25 14:47:27][505] Processing: App\Mail\EmailTeamInvitation
[2023-05-25 14:47:27][506] Processing: App\Mail\EmailTeamInvitation
[2023-05-25 14:47:27][507] Processing: App\Mail\EmailTeamInvitation
[2023-05-25 14:47:27][508] Processing: App\Mail\EmailTeamInvitation
[2023-05-25 14:47:27][509] Processing: App\Mail\EmailTeamInvitation
[2023-05-25 14:47:27][510] Processing: App\Mail\EmailTeamInvitation
[2023-05-25 14:47:27][511] Processing: App\Mail\EmailTeamInvitation
[2023-05-25 14:47:27][512] Processing: App\Mail\EmailTeamInvitation
[2023-05-25 14:47:27][513] Processing: App\Mail\EmailTeamInvitation
[2023-05-25 14:47:27][514] Processing: App\Mail\EmailTeamInvitation
[2023-05-25 14:47:27][515] Processing: App\Mail\EmailTeamInvitation
[2023-05-25 14:47:27][516] Processing: App\Mail\EmailTeamInvitation
[2023-05-25 14:47:28][517] Processing: App\Mail\EmailTeamInvitation
[2023-05-25 14:47:28][518] Processing: App\Mail\EmailTeamInvitation
[2023-05-25 14:47:28][494] Processed:  App\Mail\EmailTeamInvitation
[2023-05-25 14:47:28][519] Processing: App\Mail\EmailTeamInvitation
[2023-05-25 14:47:28][495] Processed:  App\Mail\EmailTeamInvitation
[2023-05-25 14:47:28][520] Processing: App\Mail\EmailTeamInvitation
[2023-05-25 14:47:28][521] Processing: App\Mail\EmailTeamInvitation
[2023-05-25 14:47:28][522] Processing: App\Mail\EmailTeamInvitation
[2023-05-25 14:47:28][523] Processing: App\Mail\EmailTeamInvitation
[2023-05-25 14:47:28][524] Processing: App\Mail\EmailTeamInvitation
[2023-05-25 14:47:28][525] Processing: App\Mail\EmailTeamInvitation
[2023-05-25 14:47:28][526] Processing: App\Mail\EmailTeamInvitation
[2023-05-25 14:47:28][527] Processing: App\Mail\EmailTeamInvitation
[2023-05-25 14:47:28][528] Processing: App\Mail\EmailTeamInvitation
[2023-05-25 14:47:28][529] Processing: App\Mail\EmailTeamInvitation
[2023-05-25 14:47:28][530] Processing: App\Mail\EmailTeamInvitation
[2023-05-25 14:47:28][531] Processing: App\Mail\EmailTeamInvitation
[2023-05-25 14:47:28][532] Processing: App\Mail\EmailTeamInvitation
[2023-05-25 14:47:28][533] Processing: App\Mail\EmailTeamInvitation
[2023-05-25 14:47:28][534] Processing: App\Mail\EmailTeamInvitation
[2023-05-25 14:47:28][535] Processing: App\Mail\EmailTeamInvitation
[2023-05-25 14:47:28][536] Processing: App\Mail\EmailTeamInvitation
[2023-05-25 14:47:28][537] Processing: App\Mail\EmailTeamInvitation
[2023-05-25 14:47:29][538] Processing: App\Mail\EmailTeamInvitation
[2023-05-25 14:47:29][539] Processing: App\Mail\EmailTeamInvitation
[2023-05-25 14:47:29][540] Processing: App\Mail\EmailTeamInvitation
[2023-05-25 14:47:29][541] Processing: App\Mail\EmailTeamInvitation
[2023-05-25 14:47:29][542] Processing: App\Mail\EmailTeamInvitation
[2023-05-25 14:47:29][540] Failed:     App\Mail\EmailTeamInvitation
[2023-05-25 14:47:29][544] Processing: App\Mail\EmailTeamInvitation
[2023-05-25 14:47:29][543] Processing: App\Mail\EmailTeamInvitation
[2023-05-25 14:47:29][545] Processing: App\Mail\EmailTeamInvitation
[2023-05-25 14:47:29][546] Processing: App\Mail\EmailTeamInvitation
[2023-05-25 14:47:29][541] Failed:     App\Mail\EmailTeamInvitation
[2023-05-25 14:47:29][547] Processing: App\Mail\EmailTeamInvitation
[2023-05-25 14:47:29][542] Failed:     App\Mail\EmailTeamInvitation
[2023-05-25 14:47:29][548] Processing: App\Mail\EmailTeamInvitation
[2023-05-25 14:47:29][544] Failed:     App\Mail\EmailTeamInvitation
[2023-05-25 14:47:29][547] Failed:     App\Mail\EmailTeamInvitation
[2023-05-25 14:47:29][543] Failed:     App\Mail\EmailTeamInvitation
[2023-05-25 14:47:29][545] Failed:     App\Mail\EmailTeamInvitation
[2023-05-25 14:47:29][550] Processing: App\Mail\EmailTeamInvitation
[2023-05-25 14:47:29][549] Processing: App\Mail\EmailTeamInvitation
[2023-05-25 14:47:29][546] Failed:     App\Mail\EmailTeamInvitation
[2023-05-25 14:47:29][551] Processing: App\Mail\EmailTeamInvitation
[2023-05-25 14:47:29][548] Failed:     App\Mail\EmailTeamInvitation
[2023-05-25 14:47:29][552] Processing: App\Mail\EmailTeamInvitation
[2023-05-25 14:47:29][553] Processing: App\Mail\EmailTeamInvitation
[2023-05-25 14:47:29][554] Processing: App\Mail\EmailTeamInvitation
[2023-05-25 14:47:30][549] Failed:     App\Mail\EmailTeamInvitation
[2023-05-25 14:47:30][551] Failed:     App\Mail\EmailTeamInvitation
[2023-05-25 14:47:30][550] Failed:     App\Mail\EmailTeamInvitation
[2023-05-25 14:47:30][552] Failed:     App\Mail\EmailTeamInvitation
[2023-05-25 14:47:30][556] Processing: App\Mail\EmailTeamInvitation
[2023-05-25 14:47:30][555] Processing: App\Mail\EmailTeamInvitation
[2023-05-25 14:47:30][557] Processing: App\Mail\EmailTeamInvitation
[2023-05-25 14:47:30][553] Failed:     App\Mail\EmailTeamInvitation
[2023-05-25 14:47:30][558] Processing: App\Mail\EmailTeamInvitation
[2023-05-25 14:47:30][559] Processing: App\Mail\EmailTeamInvitation
[2023-05-25 14:47:30][554] Failed:     App\Mail\EmailTeamInvitation
[2023-05-25 14:47:30][560] Processing: App\Mail\EmailTeamInvitation
[2023-05-25 14:47:30][558] Failed:     App\Mail\EmailTeamInvitation
[2023-05-25 14:47:30][560] Failed:     App\Mail\EmailTeamInvitation
[2023-05-25 14:47:30][555] Failed:     App\Mail\EmailTeamInvitation
[2023-05-25 14:47:30][559] Failed:     App\Mail\EmailTeamInvitation
[2023-05-25 14:47:30][556] Failed:     App\Mail\EmailTeamInvitation
[2023-05-25 14:47:30][557] Failed:     App\Mail\EmailTeamInvitation
[2023-05-25 14:47:30][561] Processing: App\Mail\EmailTeamInvitation
[2023-05-25 14:47:30][562] Processing: App\Mail\EmailTeamInvitation
[2023-05-25 14:47:30][564] Processing: App\Mail\EmailTeamInvitation
[2023-05-25 14:47:30][563] Processing: App\Mail\EmailTeamInvitation
[2023-05-25 14:47:30][565] Processing: App\Mail\EmailTeamInvitation
[2023-05-25 14:47:30][566] Processing: App\Mail\EmailTeamInvitation
[2023-05-25 14:47:30][562] Failed:     App\Mail\EmailTeamInvitation
[2023-05-25 14:47:30][567] Processing: App\Mail\EmailTeamInvitation
[2023-05-25 14:47:30][563] Failed:     App\Mail\EmailTeamInvitation
[2023-05-25 14:47:30][561] Failed:     App\Mail\EmailTeamInvitation
[2023-05-25 14:47:30][565] Failed:     App\Mail\EmailTeamInvitation
[2023-05-25 14:47:30][566] Failed:     App\Mail\EmailTeamInvitation
[2023-05-25 14:47:30][564] Failed:     App\Mail\EmailTeamInvitation
[2023-05-25 14:47:30][568] Processing: App\Mail\EmailTeamInvitation
[2023-05-25 14:47:30][569] Processing: App\Mail\EmailTeamInvitation
[2023-05-25 14:47:30][570] Processing: App\Mail\EmailTeamInvitation
[2023-05-25 14:47:30][571] Processing: App\Mail\EmailTeamInvitation
[2023-05-25 14:47:31][567] Failed:     App\Mail\EmailTeamInvitation
[2023-05-25 14:47:31][568] Failed:     App\Mail\EmailTeamInvitation
[2023-05-25 14:47:31][570] Failed:     App\Mail\EmailTeamInvitation
[2023-05-25 14:47:31][569] Failed:     App\Mail\EmailTeamInvitation
[2023-05-25 14:47:31][571] Failed:     App\Mail\EmailTeamInvitation
[2023-05-25 14:47:56][572] Processing: App\Mail\EmailTeamInvitation
[2023-05-25 14:47:56][573] Processing: App\Mail\EmailTeamInvitation
[2023-05-25 14:47:56][574] Processing: App\Mail\EmailTeamInvitation
[2023-05-25 14:47:56][573] Failed:     App\Mail\EmailTeamInvitation
[2023-05-25 14:47:56][575] Processing: App\Mail\EmailTeamInvitation
[2023-05-25 14:47:57][575] Failed:     App\Mail\EmailTeamInvitation
[2023-05-25 15:57:09][576] Processing: App\Jobs\EmailInvitationJob
[2023-05-25 15:57:09][576] Processed:  App\Jobs\EmailInvitationJob
[2023-05-25 15:57:09][577] Processing: App\Mail\EmailTeamInvitation
[2023-05-25 15:57:11][577] Processed:  App\Mail\EmailTeamInvitation
[2023-05-25 15:57:43][578] Processing: App\Jobs\EmailInvitationJob
[2023-05-25 15:57:43][578] Processed:  App\Jobs\EmailInvitationJob
[2023-05-25 15:57:43][579] Processing: App\Mail\EmailTeamInvitation
[2023-05-25 15:57:44][579] Processed:  App\Mail\EmailTeamInvitation
[2023-05-25 15:58:17][580] Processing: App\Jobs\EmailInvitationJob
[2023-05-25 15:58:17][580] Processed:  App\Jobs\EmailInvitationJob
[2023-05-25 15:58:17][581] Processing: App\Mail\EmailTeamInvitation
[2023-05-25 15:58:18][581] Processed:  App\Mail\EmailTeamInvitation
[2023-05-25 15:58:44][582] Processing: App\Jobs\EmailInvitationJob
[2023-05-25 15:58:44][582] Processed:  App\Jobs\EmailInvitationJob
[2023-05-25 15:58:44][583] Processing: App\Mail\EmailTeamInvitation
[2023-05-25 15:58:45][583] Processed:  App\Mail\EmailTeamInvitation
[2023-05-25 16:00:13][584] Processing: App\Jobs\EmailInvitationJob
[2023-05-25 16:00:13][584] Processed:  App\Jobs\EmailInvitationJob
[2023-05-25 16:00:13][585] Processing: App\Mail\EmailTeamInvitation
[2023-05-25 16:00:14][585] Processed:  App\Mail\EmailTeamInvitation
[2023-05-25 16:01:04][586] Processing: App\Jobs\EmailInvitationJob
[2023-05-25 16:01:04][586] Processed:  App\Jobs\EmailInvitationJob
[2023-05-25 16:01:04][587] Processing: App\Mail\EmailTeamInvitation
[2023-05-25 16:01:05][587] Processed:  App\Mail\EmailTeamInvitation
[2023-05-25 16:02:18][588] Processing: App\Jobs\EmailInvitationJob
[2023-05-25 16:02:18][588] Processed:  App\Jobs\EmailInvitationJob
[2023-05-25 16:02:18][589] Processing: App\Mail\EmailTeamInvitation
[2023-05-25 16:02:19][589] Processed:  App\Mail\EmailTeamInvitation
[2023-05-25 16:04:25][590] Processing: App\Jobs\EmailInvitationJob
[2023-05-25 16:04:25][590] Processed:  App\Jobs\EmailInvitationJob
[2023-05-25 16:04:25][591] Processing: App\Mail\EmailTeamInvitation
[2023-05-25 16:04:26][591] Processed:  App\Mail\EmailTeamInvitation
[2023-05-25 16:05:32][592] Processing: App\Jobs\EmailInvitationJob
[2023-05-25 16:05:32][592] Processed:  App\Jobs\EmailInvitationJob
[2023-05-25 16:05:32][593] Processing: App\Mail\EmailTeamInvitation
[2023-05-25 16:05:33][593] Processed:  App\Mail\EmailTeamInvitation
[2023-05-25 16:06:22][594] Processing: App\Jobs\EmailInvitationJob
[2023-05-25 16:06:23][594] Processed:  App\Jobs\EmailInvitationJob
[2023-05-25 16:06:23][595] Processing: App\Mail\EmailTeamInvitation
[2023-05-25 16:06:24][595] Processed:  App\Mail\EmailTeamInvitation
[2023-05-25 16:07:35][596] Processing: App\Jobs\EmailInvitationJob
[2023-05-25 16:07:35][596] Processed:  App\Jobs\EmailInvitationJob
[2023-05-25 16:07:35][597] Processing: App\Mail\EmailTeamInvitation
[2023-05-25 16:07:36][597] Processed:  App\Mail\EmailTeamInvitation
[2023-05-25 16:08:53][598] Processing: App\Jobs\EmailInvitationJob
[2023-05-25 16:08:53][598] Processed:  App\Jobs\EmailInvitationJob
[2023-05-25 16:08:53][599] Processing: App\Mail\EmailTeamInvitation
[2023-05-25 16:08:54][599] Processed:  App\Mail\EmailTeamInvitation
[2023-05-25 16:09:27][600] Processing: App\Jobs\EmailInvitationJob
[2023-05-25 16:09:27][600] Processed:  App\Jobs\EmailInvitationJob
[2023-05-25 16:09:27][601] Processing: App\Mail\EmailTeamInvitation
[2023-05-25 16:09:28][601] Processed:  App\Mail\EmailTeamInvitation
[2023-05-25 16:09:46][602] Processing: App\Jobs\EmailInvitationJob
[2023-05-25 16:09:46][602] Processed:  App\Jobs\EmailInvitationJob
[2023-05-25 16:09:46][603] Processing: App\Mail\EmailTeamInvitation
[2023-05-25 16:09:47][603] Processed:  App\Mail\EmailTeamInvitation
[2023-05-25 16:10:11][604] Processing: App\Jobs\EmailInvitationJob
[2023-05-25 16:10:11][604] Processed:  App\Jobs\EmailInvitationJob
[2023-05-25 16:10:11][605] Processing: App\Mail\EmailTeamInvitation
[2023-05-25 16:10:13][605] Processed:  App\Mail\EmailTeamInvitation
[2023-05-25 16:10:29][606] Processing: App\Jobs\EmailInvitationJob
[2023-05-25 16:10:29][606] Processed:  App\Jobs\EmailInvitationJob
[2023-05-25 16:10:29][607] Processing: App\Mail\EmailTeamInvitation
[2023-05-25 16:10:31][607] Processed:  App\Mail\EmailTeamInvitation
[2023-05-25 16:11:04][608] Processing: App\Jobs\EmailInvitationJob
[2023-05-25 16:11:04][608] Processed:  App\Jobs\EmailInvitationJob
[2023-05-25 16:11:04][609] Processing: App\Mail\EmailTeamInvitation
[2023-05-25 16:11:05][609] Processed:  App\Mail\EmailTeamInvitation
[2023-05-25 16:11:24][610] Processing: App\Jobs\EmailInvitationJob
[2023-05-25 16:11:24][610] Processed:  App\Jobs\EmailInvitationJob
[2023-05-25 16:11:24][611] Processing: App\Mail\EmailTeamInvitation
[2023-05-25 16:11:25][611] Processed:  App\Mail\EmailTeamInvitation
[2023-05-25 16:13:24][612] Processing: App\Jobs\EmailInvitationJob
[2023-05-25 16:13:24][612] Processed:  App\Jobs\EmailInvitationJob
[2023-05-25 16:13:24][613] Processing: App\Mail\EmailTeamInvitation
[2023-05-25 16:13:25][613] Processed:  App\Mail\EmailTeamInvitation
[2023-05-25 16:14:12][614] Processing: App\Jobs\EmailInvitationJob
[2023-05-25 16:14:12][614] Processed:  App\Jobs\EmailInvitationJob
[2023-05-25 16:14:12][615] Processing: App\Mail\EmailTeamInvitation
[2023-05-25 16:14:13][615] Processed:  App\Mail\EmailTeamInvitation
[2023-05-25 16:14:34][616] Processing: App\Jobs\EmailInvitationJob
[2023-05-25 16:14:34][616] Processed:  App\Jobs\EmailInvitationJob
[2023-05-25 16:14:34][617] Processing: App\Mail\EmailTeamInvitation
[2023-05-25 16:14:35][617] Processed:  App\Mail\EmailTeamInvitation
[2023-05-25 16:15:31][618] Processing: App\Jobs\EmailInvitationJob
[2023-05-25 16:15:31][618] Processed:  App\Jobs\EmailInvitationJob
[2023-05-25 16:15:31][619] Processing: App\Mail\EmailTeamInvitation
[2023-05-25 16:15:32][619] Processed:  App\Mail\EmailTeamInvitation
[2023-05-25 16:15:58][620] Processing: App\Jobs\EmailInvitationJob
[2023-05-25 16:15:58][620] Processed:  App\Jobs\EmailInvitationJob
[2023-05-25 16:15:58][621] Processing: App\Mail\EmailTeamInvitation
[2023-05-25 16:15:59][621] Processed:  App\Mail\EmailTeamInvitation
[2023-05-25 16:16:40][622] Processing: App\Jobs\EmailInvitationJob
[2023-05-25 16:16:40][622] Processed:  App\Jobs\EmailInvitationJob
[2023-05-25 16:16:40][623] Processing: App\Mail\EmailTeamInvitation
[2023-05-25 16:16:42][623] Processed:  App\Mail\EmailTeamInvitation
[2023-05-25 16:16:59][624] Processing: App\Jobs\EmailInvitationJob
[2023-05-25 16:16:59][624] Processed:  App\Jobs\EmailInvitationJob
[2023-05-25 16:16:59][625] Processing: App\Mail\EmailTeamInvitation
[2023-05-25 16:17:00][625] Processed:  App\Mail\EmailTeamInvitation
[2023-05-25 16:17:29][626] Processing: App\Jobs\EmailInvitationJob
[2023-05-25 16:17:29][626] Processed:  App\Jobs\EmailInvitationJob
[2023-05-25 16:17:29][627] Processing: App\Mail\EmailTeamInvitation
[2023-05-25 16:17:30][627] Processed:  App\Mail\EmailTeamInvitation
[2023-05-25 16:17:48][628] Processing: App\Jobs\EmailInvitationJob
[2023-05-25 16:17:48][628] Processed:  App\Jobs\EmailInvitationJob
[2023-05-25 16:17:48][629] Processing: App\Mail\EmailTeamInvitation
[2023-05-25 16:17:49][629] Processed:  App\Mail\EmailTeamInvitation
[2023-05-25 16:18:37][630] Processing: App\Jobs\EmailInvitationJob
[2023-05-25 16:18:37][630] Processed:  App\Jobs\EmailInvitationJob
[2023-05-25 16:18:37][631] Processing: App\Mail\EmailTeamInvitation
[2023-05-25 16:18:38][631] Processed:  App\Mail\EmailTeamInvitation
[2023-05-25 16:19:07][632] Processing: App\Jobs\EmailInvitationJob
[2023-05-25 16:19:07][632] Processed:  App\Jobs\EmailInvitationJob
[2023-05-25 16:19:07][633] Processing: App\Mail\EmailTeamInvitation
[2023-05-25 16:19:08][633] Processed:  App\Mail\EmailTeamInvitation
[2023-05-25 16:19:32][634] Processing: App\Jobs\EmailInvitationJob
[2023-05-25 16:19:32][634] Processed:  App\Jobs\EmailInvitationJob
[2023-05-25 16:19:32][635] Processing: App\Mail\EmailTeamInvitation
[2023-05-25 16:19:33][635] Processed:  App\Mail\EmailTeamInvitation
[2023-05-25 16:20:11][636] Processing: App\Jobs\EmailInvitationJob
[2023-05-25 16:20:11][636] Processed:  App\Jobs\EmailInvitationJob
[2023-05-25 16:20:11][637] Processing: App\Mail\EmailTeamInvitation
[2023-05-25 16:20:12][637] Processed:  App\Mail\EmailTeamInvitation
[2023-05-25 16:20:52][638] Processing: App\Jobs\EmailInvitationJob
[2023-05-25 16:20:52][638] Processed:  App\Jobs\EmailInvitationJob
[2023-05-25 16:20:52][639] Processing: App\Mail\EmailTeamInvitation
[2023-05-25 16:20:53][639] Processed:  App\Mail\EmailTeamInvitation
[2023-05-25 16:21:16][640] Processing: App\Jobs\EmailInvitationJob
[2023-05-25 16:21:16][640] Processed:  App\Jobs\EmailInvitationJob
[2023-05-25 16:21:16][641] Processing: App\Mail\EmailTeamInvitation
[2023-05-25 16:21:17][641] Processed:  App\Mail\EmailTeamInvitation
[2023-05-25 16:21:35][642] Processing: App\Jobs\EmailInvitationJob
[2023-05-25 16:21:35][642] Processed:  App\Jobs\EmailInvitationJob
[2023-05-25 16:21:35][643] Processing: App\Mail\EmailTeamInvitation
[2023-05-25 16:21:36][643] Processed:  App\Mail\EmailTeamInvitation
[2023-05-25 16:22:05][644] Processing: App\Jobs\EmailInvitationJob
[2023-05-25 16:22:05][644] Processed:  App\Jobs\EmailInvitationJob
[2023-05-25 16:22:05][645] Processing: App\Mail\EmailTeamInvitation
[2023-05-25 16:22:06][645] Processed:  App\Mail\EmailTeamInvitation
[2023-05-26 16:20:46][646] Processing: App\Jobs\EmailInvitationJob
[2023-05-26 16:20:46][646] Processed:  App\Jobs\EmailInvitationJob
[2023-05-26 16:20:46][647] Processing: App\Mail\EmailTeamInvitation
[2023-05-26 16:20:47][647] Processed:  App\Mail\EmailTeamInvitation
[2023-05-26 16:32:38][649] Processing: App\Jobs\EmailInvitationJob
[2023-05-26 16:32:38][650] Processing: App\Jobs\EmailInvitationJob
[2023-05-26 16:32:38][648] Processing: App\Jobs\EmailInvitationJob
[2023-05-26 16:32:38][650] Processed:  App\Jobs\EmailInvitationJob
[2023-05-26 16:32:38][648] Processed:  App\Jobs\EmailInvitationJob
[2023-05-26 16:32:38][651] Processing: App\Mail\EmailTeamInvitation
[2023-05-26 16:32:38][652] Processing: App\Mail\EmailTeamInvitation
[2023-05-26 16:32:38][649] Processed:  App\Jobs\EmailInvitationJob
[2023-05-26 16:32:38][653] Processing: App\Mail\EmailTeamInvitation
[2023-05-26 16:32:40][653] Processed:  App\Mail\EmailTeamInvitation
[2023-05-26 16:32:40][652] Processed:  App\Mail\EmailTeamInvitation
[2023-05-26 16:32:40][651] Processed:  App\Mail\EmailTeamInvitation
[2023-06-07 11:53:17][654] Processing: App\Jobs\EmailInvitationJob
[2023-06-07 11:53:17][654] Processed:  App\Jobs\EmailInvitationJob
[2023-06-07 11:53:17][655] Processing: App\Jobs\EmailInvitationJob
[2023-06-07 11:53:17][655] Processed:  App\Jobs\EmailInvitationJob
[2023-06-07 11:53:17][656] Processing: App\Jobs\EmailInvitationJob
[2023-06-07 11:53:17][656] Processed:  App\Jobs\EmailInvitationJob
[2023-06-07 11:53:17][657] Processing: App\Jobs\EmailInvitationJob
[2023-06-07 11:53:17][657] Processed:  App\Jobs\EmailInvitationJob
[2023-06-07 11:53:17][658] Processing: App\Jobs\EmailInvitationJob
[2023-06-07 11:53:17][658] Processed:  App\Jobs\EmailInvitationJob
[2023-06-07 11:53:17][687] Processing: App\Mail\EmailTeamInvitation
[2023-06-07 11:53:19][659] Processing: App\Jobs\EmailInvitationJob
[2023-06-07 11:53:19][660] Processing: App\Jobs\EmailInvitationJob
[2023-06-07 11:53:19][661] Processing: App\Jobs\EmailInvitationJob
[2023-06-07 11:53:19][662] Processing: App\Jobs\EmailInvitationJob
[2023-06-07 11:53:19][687] Processed:  App\Mail\EmailTeamInvitation
[2023-06-07 11:53:19][663] Processing: App\Jobs\EmailInvitationJob
[2023-06-07 11:53:19][664] Processing: App\Jobs\EmailInvitationJob
[2023-06-07 11:53:19][665] Processing: App\Jobs\EmailInvitationJob
[2023-06-07 11:53:19][659] Processed:  App\Jobs\EmailInvitationJob
[2023-06-07 11:53:19][660] Processed:  App\Jobs\EmailInvitationJob
[2023-06-07 11:53:19][667] Processing: App\Jobs\EmailInvitationJob
[2023-06-07 11:53:19][666] Processing: App\Jobs\EmailInvitationJob
[2023-06-07 11:53:19][661] Processed:  App\Jobs\EmailInvitationJob
[2023-06-07 11:53:19][662] Processed:  App\Jobs\EmailInvitationJob
[2023-06-07 11:53:19][669] Processing: App\Jobs\EmailInvitationJob
[2023-06-07 11:53:19][668] Processing: App\Jobs\EmailInvitationJob
[2023-06-07 11:53:19][670] Processing: App\Jobs\EmailInvitationJob
[2023-06-07 11:53:19][663] Processed:  App\Jobs\EmailInvitationJob
[2023-06-07 11:53:19][671] Processing: App\Jobs\EmailInvitationJob
[2023-06-07 11:53:19][666] Processed:  App\Jobs\EmailInvitationJob
[2023-06-07 11:53:19][667] Processed:  App\Jobs\EmailInvitationJob
[2023-06-07 11:53:19][672] Processing: App\Jobs\EmailInvitationJob
[2023-06-07 11:53:19][673] Processing: App\Jobs\EmailInvitationJob
[2023-06-07 11:53:20][665] Processed:  App\Jobs\EmailInvitationJob
[2023-06-07 11:53:20][664] Processed:  App\Jobs\EmailInvitationJob
[2023-06-07 11:53:20][674] Processing: App\Jobs\EmailInvitationJob
[2023-06-07 11:53:20][675] Processing: App\Jobs\EmailInvitationJob
[2023-06-07 11:53:20][669] Processed:  App\Jobs\EmailInvitationJob
[2023-06-07 11:53:20][668] Processed:  App\Jobs\EmailInvitationJob
[2023-06-07 11:53:20][677] Processing: App\Jobs\EmailInvitationJob
[2023-06-07 11:53:20][676] Processing: App\Jobs\EmailInvitationJob
[2023-06-07 11:53:20][671] Processed:  App\Jobs\EmailInvitationJob
[2023-06-07 11:53:20][678] Processing: App\Jobs\EmailInvitationJob
[2023-06-07 11:53:20][672] Processed:  App\Jobs\EmailInvitationJob
[2023-06-07 11:53:20][673] Processed:  App\Jobs\EmailInvitationJob
[2023-06-07 11:53:20][680] Processing: App\Jobs\EmailInvitationJob
[2023-06-07 11:53:20][679] Processing: App\Jobs\EmailInvitationJob
[2023-06-07 11:53:20][670] Processed:  App\Jobs\EmailInvitationJob
[2023-06-07 11:53:20][681] Processing: App\Jobs\EmailInvitationJob
[2023-06-07 11:53:20][674] Processed:  App\Jobs\EmailInvitationJob
[2023-06-07 11:53:20][675] Processed:  App\Jobs\EmailInvitationJob
[2023-06-07 11:53:20][682] Processing: App\Jobs\EmailInvitationJob
[2023-06-07 11:53:20][683] Processing: App\Jobs\EmailInvitationJob
[2023-06-07 11:53:20][676] Processed:  App\Jobs\EmailInvitationJob
[2023-06-07 11:53:20][677] Processed:  App\Jobs\EmailInvitationJob
[2023-06-07 11:53:21][685] Processing: App\Jobs\EmailInvitationJob
[2023-06-07 11:53:21][684] Processing: App\Jobs\EmailInvitationJob
[2023-06-07 11:53:21][678] Processed:  App\Jobs\EmailInvitationJob
[2023-06-07 11:53:21][686] Processing: App\Jobs\EmailInvitationJob
[2023-06-07 11:53:21][679] Processed:  App\Jobs\EmailInvitationJob
[2023-06-07 11:53:21][680] Processed:  App\Jobs\EmailInvitationJob
[2023-06-07 11:53:21][688] Processing: App\Mail\EmailTeamInvitation
[2023-06-07 11:53:21][689] Processing: App\Mail\EmailTeamInvitation
[2023-06-07 11:53:21][681] Processed:  App\Jobs\EmailInvitationJob
[2023-06-07 11:53:21][690] Processing: App\Mail\EmailTeamInvitation
[2023-06-07 11:53:21][682] Processed:  App\Jobs\EmailInvitationJob
[2023-06-07 11:53:21][683] Processed:  App\Jobs\EmailInvitationJob
[2023-06-07 11:53:21][691] Processing: App\Mail\EmailTeamInvitation
[2023-06-07 11:53:21][692] Processing: App\Mail\EmailTeamInvitation
[2023-06-07 11:53:21][685] Processed:  App\Jobs\EmailInvitationJob
[2023-06-07 11:53:21][684] Processed:  App\Jobs\EmailInvitationJob
[2023-06-07 11:53:21][693] Processing: App\Mail\EmailTeamInvitation
[2023-06-07 11:53:21][694] Processing: App\Mail\EmailTeamInvitation
[2023-06-07 11:53:21][686] Processed:  App\Jobs\EmailInvitationJob
[2023-06-07 11:53:21][695] Processing: App\Mail\EmailTeamInvitation
[2023-06-07 11:53:22][688] Processed:  App\Mail\EmailTeamInvitation
[2023-06-07 11:53:22][696] Processing: App\Mail\EmailTeamInvitation
[2023-06-07 11:53:22][689] Processed:  App\Mail\EmailTeamInvitation
[2023-06-07 11:53:22][697] Processing: App\Mail\EmailTeamInvitation
[2023-06-07 11:53:23][690] Processed:  App\Mail\EmailTeamInvitation
[2023-06-07 11:53:23][698] Processing: App\Mail\EmailTeamInvitation
[2023-06-07 11:53:23][691] Processed:  App\Mail\EmailTeamInvitation
[2023-06-07 11:53:23][699] Processing: App\Mail\EmailTeamInvitation
[2023-06-07 11:53:23][692] Processed:  App\Mail\EmailTeamInvitation
[2023-06-07 11:53:23][700] Processing: App\Mail\EmailTeamInvitation
[2023-06-07 11:53:23][701] Processing: App\Mail\EmailTeamInvitation
[2023-06-07 11:53:23][702] Processing: App\Mail\EmailTeamInvitation
[2023-06-07 11:53:23][703] Processing: App\Mail\EmailTeamInvitation
[2023-06-07 11:53:23][704] Processing: App\Mail\EmailTeamInvitation
[2023-06-07 11:53:24][695] Processed:  App\Mail\EmailTeamInvitation
[2023-06-07 11:53:24][705] Processing: App\Mail\EmailTeamInvitation
[2023-06-07 11:53:24][694] Processed:  App\Mail\EmailTeamInvitation
[2023-06-07 11:53:24][706] Processing: App\Mail\EmailTeamInvitation
[2023-06-07 11:53:24][693] Processed:  App\Mail\EmailTeamInvitation
[2023-06-07 11:53:24][707] Processing: App\Mail\EmailTeamInvitation
[2023-06-07 11:53:24][696] Processed:  App\Mail\EmailTeamInvitation
[2023-06-07 11:53:24][708] Processing: App\Mail\EmailTeamInvitation
[2023-06-07 11:53:25][701] Processed:  App\Mail\EmailTeamInvitation
[2023-06-07 11:53:25][709] Processing: App\Mail\EmailTeamInvitation
[2023-06-07 11:53:25][702] Processed:  App\Mail\EmailTeamInvitation
[2023-06-07 11:53:25][710] Processing: App\Mail\EmailTeamInvitation
[2023-06-07 11:53:25][703] Processed:  App\Mail\EmailTeamInvitation
[2023-06-07 11:53:25][711] Processing: App\Mail\EmailTeamInvitation
[2023-06-07 11:53:26][704] Processed:  App\Mail\EmailTeamInvitation
[2023-06-07 11:53:26][712] Processing: App\Mail\EmailTeamInvitation
[2023-06-07 11:53:26][706] Processed:  App\Mail\EmailTeamInvitation
[2023-06-07 11:53:26][705] Processed:  App\Mail\EmailTeamInvitation
[2023-06-07 11:53:26][714] Processing: App\Mail\EmailTeamInvitation
[2023-06-07 11:53:26][713] Processing: App\Mail\EmailTeamInvitation
[2023-06-07 11:53:26][707] Processed:  App\Mail\EmailTeamInvitation
[2023-06-07 11:53:26][715] Processing: App\Mail\EmailTeamInvitation
[2023-06-07 11:53:27][708] Processed:  App\Mail\EmailTeamInvitation
[2023-06-07 11:53:27][716] Processing: App\Mail\EmailTeamInvitation
[2023-06-07 11:53:28][709] Processed:  App\Mail\EmailTeamInvitation
[2023-06-07 11:53:28][717] Processing: App\Mail\EmailTeamInvitation
[2023-06-07 11:53:28][710] Processed:  App\Mail\EmailTeamInvitation
[2023-06-07 11:53:28][718] Processing: App\Mail\EmailTeamInvitation
[2023-06-07 11:53:28][711] Processed:  App\Mail\EmailTeamInvitation
[2023-06-07 11:53:28][719] Processing: App\Mail\EmailTeamInvitation
[2023-06-07 11:53:29][712] Processed:  App\Mail\EmailTeamInvitation
[2023-06-07 11:53:29][720] Processing: App\Mail\EmailTeamInvitation
[2023-06-07 11:53:29][714] Processed:  App\Mail\EmailTeamInvitation
[2023-06-07 11:53:29][721] Processing: App\Mail\EmailTeamInvitation
[2023-06-07 11:53:29][715] Processed:  App\Mail\EmailTeamInvitation
[2023-06-07 11:53:29][722] Processing: App\Mail\EmailTeamInvitation
[2023-06-07 11:53:29][713] Processed:  App\Mail\EmailTeamInvitation
[2023-06-07 11:53:29][723] Processing: App\Mail\EmailTeamInvitation
[2023-06-07 11:53:29][716] Processed:  App\Mail\EmailTeamInvitation
[2023-06-07 11:53:30][724] Processing: App\Mail\EmailTeamInvitation
[2023-06-07 11:53:30][725] Processing: App\Mail\EmailTeamInvitation
[2023-06-07 11:53:30][726] Processing: App\Mail\EmailTeamInvitation
[2023-06-07 11:53:31][717] Processed:  App\Mail\EmailTeamInvitation
[2023-06-07 11:53:31][718] Processed:  App\Mail\EmailTeamInvitation
[2023-06-07 11:53:31][719] Processed:  App\Mail\EmailTeamInvitation
[2023-06-07 11:53:32][721] Processed:  App\Mail\EmailTeamInvitation
[2023-06-07 11:53:32][724] Processed:  App\Mail\EmailTeamInvitation
[2023-06-07 11:53:33][725] Processed:  App\Mail\EmailTeamInvitation
[2023-06-07 11:53:33][726] Processed:  App\Mail\EmailTeamInvitation
[2023-06-14 12:38:44][727] Processing: App\Jobs\EmailInvitationJob
[2023-06-14 12:38:44][727] Processed:  App\Jobs\EmailInvitationJob
[2023-06-14 12:38:44][728] Processing: App\Mail\EmailTeamInvitation
[2023-06-14 12:38:46][728] Processed:  App\Mail\EmailTeamInvitation
[2023-06-14 12:39:49][729] Processing: App\Jobs\EmailInvitationJob
[2023-06-14 12:39:49][729] Processed:  App\Jobs\EmailInvitationJob
[2023-06-14 12:39:49][730] Processing: App\Mail\EmailTeamInvitation
[2023-06-14 12:39:50][730] Processed:  App\Mail\EmailTeamInvitation
[2023-06-14 12:40:26][731] Processing: App\Jobs\EmailInvitationJob
[2023-06-14 12:40:26][731] Processed:  App\Jobs\EmailInvitationJob
[2023-06-14 12:40:26][733] Processing: App\Mail\EmailTeamInvitation
[2023-06-14 12:40:27][733] Processed:  App\Mail\EmailTeamInvitation
[2023-06-14 12:40:30][732] Processing: App\Jobs\EmailInvitationJob
[2023-06-14 12:40:30][732] Processed:  App\Jobs\EmailInvitationJob
[2023-06-14 12:40:30][734] Processing: App\Mail\EmailTeamInvitation
[2023-06-14 12:40:31][734] Processed:  App\Mail\EmailTeamInvitation
[2023-06-14 12:41:09][735] Processing: App\Jobs\EmailInvitationJob
[2023-06-14 12:41:09][735] Processed:  App\Jobs\EmailInvitationJob
[2023-06-14 12:41:09][737] Processing: App\Mail\EmailTeamInvitation
[2023-06-14 12:41:10][736] Processing: App\Jobs\EmailInvitationJob
[2023-06-14 12:41:10][736] Processed:  App\Jobs\EmailInvitationJob
[2023-06-14 12:41:10][738] Processing: App\Mail\EmailTeamInvitation
[2023-06-14 12:41:10][737] Processed:  App\Mail\EmailTeamInvitation
[2023-06-14 12:41:11][738] Processed:  App\Mail\EmailTeamInvitation
[2023-06-14 12:44:11][739] Processing: App\Jobs\EmailInvitationJob
[2023-06-14 12:44:11][739] Processed:  App\Jobs\EmailInvitationJob
[2023-06-14 12:44:11][741] Processing: App\Mail\EmailTeamInvitation
[2023-06-14 12:44:12][740] Processing: App\Jobs\EmailInvitationJob
[2023-06-14 12:44:12][740] Processed:  App\Jobs\EmailInvitationJob
[2023-06-14 12:44:12][742] Processing: App\Mail\EmailTeamInvitation
[2023-06-14 12:44:12][741] Processed:  App\Mail\EmailTeamInvitation
[2023-06-14 12:44:13][742] Processed:  App\Mail\EmailTeamInvitation
[2023-06-14 12:46:42][743] Processing: App\Jobs\EmailInvitationJob
[2023-06-14 12:46:43][743] Processed:  App\Jobs\EmailInvitationJob
[2023-06-14 12:46:43][744] Processing: App\Mail\EmailTeamInvitation
[2023-06-14 12:46:44][744] Processed:  App\Mail\EmailTeamInvitation
[2023-06-26 13:08:06][745] Processing: App\Jobs\EmailInvitationJob
[2023-06-26 13:08:06][745] Processed:  App\Jobs\EmailInvitationJob
[2023-06-26 13:08:06][746] Processing: App\Mail\EmailTeamInvitation
[2023-06-26 13:08:07][746] Processed:  App\Mail\EmailTeamInvitation
[2023-06-30 10:02:13][747] Processing: App\Jobs\EmailInvitationJob
[2023-06-30 10:02:13][747] Processed:  App\Jobs\EmailInvitationJob
[2023-06-30 10:02:13][748] Processing: App\Mail\EmailTeamInvitation
[2023-06-30 10:02:14][748] Processed:  App\Mail\EmailTeamInvitation
[2023-07-13 15:49:33][749] Processing: App\Jobs\EmailInvitationJob
[2023-07-13 15:49:33][749] Processed:  App\Jobs\EmailInvitationJob
[2023-07-13 15:49:33][750] Processing: App\Mail\EmailTeamInvitation
[2023-07-13 15:49:35][750] Processed:  App\Mail\EmailTeamInvitation
[2023-07-25 15:11:47][751] Processing: App\Jobs\EmailInvitationJob
[2023-07-25 15:11:47][751] Processed:  App\Jobs\EmailInvitationJob
[2023-07-25 15:11:47][752] Processing: App\Mail\EmailTeamInvitation
[2023-07-25 15:11:48][752] Processed:  App\Mail\EmailTeamInvitation
[2023-07-25 15:13:13][753] Processing: App\Jobs\EmailInvitationJob
[2023-07-25 15:13:13][753] Processed:  App\Jobs\EmailInvitationJob
[2023-07-25 15:13:13][754] Processing: App\Mail\EmailTeamInvitation
[2023-07-25 15:13:14][754] Processed:  App\Mail\EmailTeamInvitation
[2023-08-02 14:38:10][755] Processing: App\Jobs\EmailInvitationJob
[2023-08-02 14:38:10][755] Processed:  App\Jobs\EmailInvitationJob
[2023-08-02 14:38:10][756] Processing: App\Mail\EmailTeamInvitation
[2023-08-02 14:38:12][756] Processed:  App\Mail\EmailTeamInvitation
[2023-08-09 10:04:41][757] Processing: App\Jobs\EmailInvitationJob
[2023-08-09 10:04:41][757] Processed:  App\Jobs\EmailInvitationJob
[2023-08-09 10:04:41][758] Processing: App\Mail\EmailTeamInvitation
[2023-08-09 10:04:43][758] Processed:  App\Mail\EmailTeamInvitation
[2023-08-09 10:05:15][759] Processing: App\Jobs\EmailInvitationJob
[2023-08-09 10:05:15][759] Processed:  App\Jobs\EmailInvitationJob
[2023-08-09 10:05:15][760] Processing: App\Mail\EmailTeamInvitation
[2023-08-09 10:05:16][760] Processed:  App\Mail\EmailTeamInvitation
[2023-08-09 10:59:40][761] Processing: App\Jobs\EmailInvitationJob
[2023-08-09 10:59:40][761] Processed:  App\Jobs\EmailInvitationJob
[2023-08-09 10:59:40][762] Processing: App\Mail\EmailTeamInvitation
[2023-08-09 10:59:42][762] Processed:  App\Mail\EmailTeamInvitation
[2023-08-09 14:16:15][763] Processing: App\Jobs\EmailInvitationJob
[2023-08-09 14:16:15][763] Processed:  App\Jobs\EmailInvitationJob
[2023-08-09 14:16:15][764] Processing: App\Mail\EmailTeamInvitation
[2023-08-09 14:16:17][764] Processed:  App\Mail\EmailTeamInvitation
[2023-08-24 18:58:06][765] Processing: App\Mail\ContactEmail
[2023-08-24 18:58:08][765] Processed:  App\Mail\ContactEmail
[2023-08-31 13:57:47][766] Processing: App\Mail\ContactEmail
[2023-08-31 13:57:49][766] Processed:  App\Mail\ContactEmail
[2023-09-04 11:01:19][768] Processing: App\Mail\EmailNewUser
[2023-09-04 11:01:19][767] Processing: App\Mail\EmailNewUser
[2023-09-04 11:01:20][768] Processed:  App\Mail\EmailNewUser
[2023-09-04 11:01:20][767] Processed:  App\Mail\EmailNewUser
[2023-09-05 10:15:54][769] Processing: App\Mail\ContactEmail
[2023-09-05 10:15:55][769] Processed:  App\Mail\ContactEmail
[2023-09-05 10:16:21][770] Processing: App\Mail\ContactEmail
[2023-09-05 10:16:23][770] Processed:  App\Mail\ContactEmail
[2023-09-05 12:10:54][771] Processing: App\Mail\EmailNewUser
[2023-09-05 12:10:55][772] Processing: App\Mail\EmailNewUser
[2023-09-05 12:10:56][771] Processed:  App\Mail\EmailNewUser
[2023-09-05 12:10:57][772] Processed:  App\Mail\EmailNewUser
[2023-09-05 19:34:50][773] Processing: App\Mail\EmailNewUser
[2023-09-05 19:34:50][774] Processing: App\Mail\EmailNewUser
[2023-09-05 19:34:51][775] Processing: App\Mail\EmailNewUser
[2023-09-05 19:34:51][776] Processing: App\Mail\EmailNewUser
[2023-09-05 19:34:52][773] Processed:  App\Mail\EmailNewUser
[2023-09-05 19:34:52][774] Processed:  App\Mail\EmailNewUser
[2023-09-05 19:34:52][776] Processed:  App\Mail\EmailNewUser
[2023-09-05 19:34:52][775] Processed:  App\Mail\EmailNewUser
[2023-09-05 19:47:41][777] Processing: App\Mail\EmailNewUser
[2023-09-05 19:47:41][778] Processing: App\Mail\EmailNewUser
[2023-09-05 19:47:42][778] Processed:  App\Mail\EmailNewUser
[2023-09-05 19:47:43][777] Processed:  App\Mail\EmailNewUser
[2023-09-05 19:54:04][779] Processing: App\Jobs\EmailInvitationJob
[2023-09-05 19:54:04][779] Processed:  App\Jobs\EmailInvitationJob
[2023-09-05 19:54:04][780] Processing: App\Mail\EmailTeamInvitation
[2023-09-05 19:54:05][780] Processed:  App\Mail\EmailTeamInvitation
[2023-09-05 19:56:04][781] Processing: App\Jobs\EmailInvitationJob
[2023-09-05 19:56:04][781] Processed:  App\Jobs\EmailInvitationJob
[2023-09-05 19:56:04][782] Processing: App\Mail\EmailTeamInvitation
[2023-09-05 19:56:05][782] Processed:  App\Mail\EmailTeamInvitation
[2023-09-05 19:57:37][783] Processing: App\Jobs\EmailInvitationJob
[2023-09-05 19:57:37][783] Processed:  App\Jobs\EmailInvitationJob
[2023-09-05 19:57:37][784] Processing: App\Mail\EmailTeamInvitation
[2023-09-05 19:57:38][784] Processed:  App\Mail\EmailTeamInvitation
[2023-09-05 20:57:58][785] Processing: App\Jobs\EmailInvitationJob
[2023-09-05 20:57:58][785] Processed:  App\Jobs\EmailInvitationJob
[2023-09-05 20:57:58][786] Processing: App\Mail\EmailTeamInvitation
[2023-09-05 20:57:59][786] Processed:  App\Mail\EmailTeamInvitation
[2023-09-26 07:41:22][787] Processing: App\Mail\ContactEmail
[2023-09-26 07:41:24][787] Processed:  App\Mail\ContactEmail
[2023-10-09 11:54:38][788] Processing: App\Jobs\EmailInvitationJob
[2023-10-09 11:54:38][788] Processed:  App\Jobs\EmailInvitationJob
[2023-10-09 11:54:38][789] Processing: App\Mail\EmailTeamInvitation
[2023-10-09 11:54:40][789] Processed:  App\Mail\EmailTeamInvitation
[2023-10-09 12:11:29][790] Processing: App\Jobs\EmailInvitationJob
[2023-10-09 12:11:29][790] Processed:  App\Jobs\EmailInvitationJob
[2023-10-09 12:11:29][791] Processing: App\Mail\EmailTeamInvitation
[2023-10-09 12:11:30][791] Processed:  App\Mail\EmailTeamInvitation
[2023-10-13 13:59:52][792] Processing: App\Jobs\EmailInvitationJob
[2023-10-13 13:59:52][792] Processed:  App\Jobs\EmailInvitationJob
[2023-10-13 13:59:52][793] Processing: App\Mail\EmailTeamInvitation
[2023-10-13 13:59:54][793] Processed:  App\Mail\EmailTeamInvitation
[2023-10-13 14:11:02][794] Processing: App\Jobs\EmailInvitationJob
[2023-10-13 14:11:02][794] Processed:  App\Jobs\EmailInvitationJob
[2023-10-13 14:12:51][795] Processing: App\Jobs\EmailInvitationJob
[2023-10-13 14:12:51][795] Processed:  App\Jobs\EmailInvitationJob
[2023-10-18 08:47:59][796] Processing: App\Jobs\EmailInvitationJob
[2023-10-18 08:47:59][796] Processed:  App\Jobs\EmailInvitationJob
[2023-10-18 12:16:44][797] Processing: App\Jobs\EmailInvitationJob
[2023-10-18 12:16:44][797] Processed:  App\Jobs\EmailInvitationJob
[2023-10-18 12:23:38][798] Processing: App\Jobs\EmailInvitationJob
[2023-10-18 12:23:38][798] Processed:  App\Jobs\EmailInvitationJob
[2023-10-18 12:29:22][799] Processing: App\Jobs\EmailInvitationJob
[2023-10-18 12:29:22][799] Processed:  App\Jobs\EmailInvitationJob
[2023-10-18 12:52:23][800] Processing: App\Jobs\EmailInvitationJob
[2023-10-18 12:52:23][800] Processed:  App\Jobs\EmailInvitationJob
[2023-10-18 12:58:37][801] Processing: App\Jobs\EmailInvitationJob
[2023-10-18 12:58:37][801] Processed:  App\Jobs\EmailInvitationJob
[2023-10-23 15:12:32][802] Processing: App\Mail\ContactEmail
[2023-10-23 15:12:35][802] Processed:  App\Mail\ContactEmail
